{"/home/travis/build/npmtest/node-npmtest-strman/test.js":{"path":"/home/travis/build/npmtest/node-npmtest-strman/test.js","s":{"1":2,"2":2,"3":2,"4":2,"5":2,"6":2,"7":2,"8":1,"9":2,"10":2,"11":1,"12":1,"13":1,"14":1,"15":2,"16":2,"17":2,"18":2,"19":1,"20":1,"21":2,"22":2,"23":2,"24":1,"25":1,"26":1,"27":1,"28":1,"29":1,"30":1,"31":1,"32":1,"33":1,"34":1,"35":1,"36":1,"37":1,"38":1,"39":2,"40":2,"41":1,"42":2,"43":2,"44":1,"45":2,"46":2,"47":1,"48":2,"49":2,"50":1,"51":1,"52":1,"53":1,"54":1},"b":{"1":[2,1,1,1],"2":[1,1,1,1],"3":[1,1],"4":[1,1],"5":[1,1],"6":[1,1],"7":[1,1],"8":[1,1],"9":[1,1],"10":[1,1,1],"11":[1,1],"12":[1,1],"13":[1,1],"14":[1,1],"15":[1,1],"16":[1,1],"17":[1,1]},"f":{"1":2,"2":2,"3":2,"4":2,"5":2,"6":1,"7":1,"8":1,"9":2,"10":2,"11":2,"12":2,"13":1},"fnMap":{"1":{"name":"(anonymous_1)","line":12,"loc":{"start":{"line":12,"column":1},"end":{"line":12,"column":13}}},"2":{"name":"(anonymous_2)","line":19,"loc":{"start":{"line":19,"column":5},"end":{"line":19,"column":17}}},"3":{"name":"(anonymous_3)","line":23,"loc":{"start":{"line":23,"column":24},"end":{"line":23,"column":36}}},"4":{"name":"(anonymous_4)","line":61,"loc":{"start":{"line":61,"column":5},"end":{"line":61,"column":17}}},"5":{"name":"(anonymous_5)","line":82,"loc":{"start":{"line":82,"column":5},"end":{"line":82,"column":17}}},"6":{"name":"(anonymous_6)","line":91,"loc":{"start":{"line":91,"column":77},"end":{"line":94,"column":10}}},"7":{"name":"(anonymous_7)","line":112,"loc":{"start":{"line":112,"column":83},"end":{"line":115,"column":10}},"skip":true},"8":{"name":"(anonymous_8)","line":123,"loc":{"start":{"line":123,"column":77},"end":{"line":126,"column":10}},"skip":true},"9":{"name":"(anonymous_9)","line":139,"loc":{"start":{"line":139,"column":12},"end":{"line":139,"column":40}},"skip":true},"10":{"name":"(anonymous_10)","line":147,"loc":{"start":{"line":147,"column":77},"end":{"line":150,"column":10}},"skip":true},"11":{"name":"(anonymous_11)","line":158,"loc":{"start":{"line":158,"column":83},"end":{"line":161,"column":10}},"skip":true},"12":{"name":"(anonymous_12)","line":169,"loc":{"start":{"line":169,"column":79},"end":{"line":172,"column":10}},"skip":true},"13":{"name":"(anonymous_13)","line":180,"loc":{"start":{"line":180,"column":75},"end":{"line":183,"column":10}},"skip":true}},"statementMap":{"1":{"start":{"line":12,"column":0},"end":{"line":195,"column":5}},"2":{"start":{"line":14,"column":4},"end":{"line":14,"column":14}},"3":{"start":{"line":19,"column":4},"end":{"line":56,"column":9}},"4":{"start":{"line":21,"column":8},"end":{"line":21,"column":19}},"5":{"start":{"line":23,"column":8},"end":{"line":35,"column":13}},"6":{"start":{"line":24,"column":12},"end":{"line":34,"column":13}},"7":{"start":{"line":25,"column":16},"end":{"line":28,"column":30}},"8":{"start":{"line":30,"column":16},"end":{"line":33,"column":27}},"9":{"start":{"line":37,"column":8},"end":{"line":39,"column":21}},"10":{"start":{"line":40,"column":8},"end":{"line":53,"column":9}},"11":{"start":{"line":43,"column":12},"end":{"line":46,"column":14}},"12":{"start":{"line":47,"column":12},"end":{"line":47,"column":18}},"13":{"start":{"line":50,"column":12},"end":{"line":51,"column":33}},"14":{"start":{"line":52,"column":12},"end":{"line":52,"column":18}},"15":{"start":{"line":55,"column":8},"end":{"line":55,"column":35}},"16":{"start":{"line":61,"column":4},"end":{"line":63,"column":9}},"17":{"start":{"line":62,"column":8},"end":{"line":62,"column":15}},"18":{"start":{"line":64,"column":4},"end":{"line":77,"column":5}},"19":{"start":{"line":70,"column":8},"end":{"line":70,"column":14}},"20":{"start":{"line":76,"column":8},"end":{"line":76,"column":14}},"21":{"start":{"line":82,"column":4},"end":{"line":84,"column":9}},"22":{"start":{"line":83,"column":8},"end":{"line":83,"column":15}},"23":{"start":{"line":85,"column":4},"end":{"line":194,"column":5}},"24":{"start":{"line":91,"column":8},"end":{"line":99,"column":10}},"25":{"start":{"line":98,"column":12},"end":{"line":98,"column":35}},"26":{"start":{"line":102,"column":8},"end":{"line":104,"column":63}},"27":{"start":{"line":105,"column":8},"end":{"line":105,"column":14}},"28":{"start":{"line":112,"column":8},"end":{"line":121,"column":10},"skip":true},"29":{"start":{"line":119,"column":12},"end":{"line":119,"column":55},"skip":true},"30":{"start":{"line":120,"column":12},"end":{"line":120,"column":48},"skip":true},"31":{"start":{"line":123,"column":8},"end":{"line":136,"column":10},"skip":true},"32":{"start":{"line":130,"column":12},"end":{"line":130,"column":76},"skip":true},"33":{"start":{"line":131,"column":12},"end":{"line":131,"column":73},"skip":true},"34":{"start":{"line":132,"column":12},"end":{"line":132,"column":74},"skip":true},"35":{"start":{"line":133,"column":12},"end":{"line":133,"column":79},"skip":true},"36":{"start":{"line":134,"column":12},"end":{"line":134,"column":25},"skip":true},"37":{"start":{"line":135,"column":12},"end":{"line":135,"column":45},"skip":true},"38":{"start":{"line":138,"column":8},"end":{"line":145,"column":14},"skip":true},"39":{"start":{"line":143,"column":16},"end":{"line":143,"column":29},"skip":true},"40":{"start":{"line":144,"column":16},"end":{"line":144,"column":55},"skip":true},"41":{"start":{"line":147,"column":8},"end":{"line":156,"column":10},"skip":true},"42":{"start":{"line":154,"column":12},"end":{"line":154,"column":25},"skip":true},"43":{"start":{"line":155,"column":12},"end":{"line":155,"column":45},"skip":true},"44":{"start":{"line":158,"column":8},"end":{"line":167,"column":10},"skip":true},"45":{"start":{"line":165,"column":12},"end":{"line":165,"column":25},"skip":true},"46":{"start":{"line":166,"column":12},"end":{"line":166,"column":48},"skip":true},"47":{"start":{"line":169,"column":8},"end":{"line":178,"column":10},"skip":true},"48":{"start":{"line":176,"column":12},"end":{"line":176,"column":25},"skip":true},"49":{"start":{"line":177,"column":12},"end":{"line":177,"column":46},"skip":true},"50":{"start":{"line":180,"column":8},"end":{"line":189,"column":10},"skip":true},"51":{"start":{"line":187,"column":12},"end":{"line":187,"column":94},"skip":true},"52":{"start":{"line":188,"column":12},"end":{"line":188,"column":48},"skip":true},"53":{"start":{"line":192,"column":8},"end":{"line":192,"column":35},"skip":true},"54":{"start":{"line":193,"column":8},"end":{"line":193,"column":14},"skip":true}},"branchMap":{"1":{"line":25,"type":"binary-expr","locations":[{"start":{"line":25,"column":23},"end":{"line":25,"column":62}},{"start":{"line":26,"column":20},"end":{"line":26,"column":70}},{"start":{"line":27,"column":20},"end":{"line":27,"column":71}},{"start":{"line":28,"column":20},"end":{"line":28,"column":29}}]},"2":{"line":30,"type":"binary-expr","locations":[{"start":{"line":30,"column":23},"end":{"line":30,"column":37}},{"start":{"line":31,"column":20},"end":{"line":31,"column":61}},{"start":{"line":32,"column":20},"end":{"line":32,"column":70}},{"start":{"line":33,"column":20},"end":{"line":33,"column":26}}]},"3":{"line":37,"type":"cond-expr","locations":[{"start":{"line":38,"column":14},"end":{"line":38,"column":20}},{"start":{"line":39,"column":14},"end":{"line":39,"column":20}}]},"4":{"line":40,"type":"switch","locations":[{"start":{"line":42,"column":8},"end":{"line":47,"column":18}},{"start":{"line":49,"column":8},"end":{"line":52,"column":18}}]},"5":{"line":44,"type":"binary-expr","locations":[{"start":{"line":44,"column":16},"end":{"line":44,"column":44}},{"start":{"line":44,"column":48},"end":{"line":44,"column":66}}]},"6":{"line":50,"type":"binary-expr","locations":[{"start":{"line":50,"column":21},"end":{"line":50,"column":49}},{"start":{"line":50,"column":53},"end":{"line":50,"column":72}}]},"7":{"line":64,"type":"switch","locations":[{"start":{"line":69,"column":4},"end":{"line":70,"column":14}},{"start":{"line":75,"column":4},"end":{"line":76,"column":14}}]},"8":{"line":85,"type":"switch","locations":[{"start":{"line":90,"column":4},"end":{"line":105,"column":14}},{"start":{"line":111,"column":4},"end":{"line":193,"column":14},"skip":true}]},"9":{"line":91,"type":"binary-expr","locations":[{"start":{"line":91,"column":42},"end":{"line":91,"column":73}},{"start":{"line":91,"column":77},"end":{"line":99,"column":9}}]},"10":{"line":102,"type":"binary-expr","locations":[{"start":{"line":102,"column":18},"end":{"line":102,"column":32}},{"start":{"line":103,"column":12},"end":{"line":103,"column":53}},{"start":{"line":104,"column":12},"end":{"line":104,"column":61}}]},"11":{"line":112,"type":"binary-expr","locations":[{"start":{"line":112,"column":45},"end":{"line":112,"column":79},"skip":true},{"start":{"line":112,"column":83},"end":{"line":121,"column":9},"skip":true}]},"12":{"line":123,"type":"binary-expr","locations":[{"start":{"line":123,"column":42},"end":{"line":123,"column":73},"skip":true},{"start":{"line":123,"column":77},"end":{"line":136,"column":9},"skip":true}]},"13":{"line":138,"type":"binary-expr","locations":[{"start":{"line":138,"column":48},"end":{"line":138,"column":85},"skip":true},{"start":{"line":139,"column":12},"end":{"line":145,"column":13},"skip":true}]},"14":{"line":147,"type":"binary-expr","locations":[{"start":{"line":147,"column":42},"end":{"line":147,"column":73},"skip":true},{"start":{"line":147,"column":77},"end":{"line":156,"column":9},"skip":true}]},"15":{"line":158,"type":"binary-expr","locations":[{"start":{"line":158,"column":45},"end":{"line":158,"column":79},"skip":true},{"start":{"line":158,"column":83},"end":{"line":167,"column":9},"skip":true}]},"16":{"line":169,"type":"binary-expr","locations":[{"start":{"line":169,"column":43},"end":{"line":169,"column":75},"skip":true},{"start":{"line":169,"column":79},"end":{"line":178,"column":9},"skip":true}]},"17":{"line":180,"type":"binary-expr","locations":[{"start":{"line":180,"column":41},"end":{"line":180,"column":71},"skip":true},{"start":{"line":180,"column":75},"end":{"line":189,"column":9},"skip":true}]}},"code":["/* istanbul instrument in package npmtest_strman */","/*jslint","    bitwise: true,","    browser: true,","    maxerr: 8,","    maxlen: 96,","    node: true,","    nomen: true,","    regexp: true,","    stupid: true","*/","(function () {","    'use strict';","    var local;","","","","    // run shared js-env code - init-before","    (function () {","        // init local","        local = {};","        // init modeJs","        local.modeJs = (function () {","            try {","                return typeof navigator.userAgent === 'string' &&","                    typeof document.querySelector('body') === 'object' &&","                    typeof XMLHttpRequest.prototype.open === 'function' &&","                    'browser';","            } catch (errorCaughtBrowser) {","                return module.exports &&","                    typeof process.versions.node === 'string' &&","                    typeof require('http').createServer === 'function' &&","                    'node';","            }","        }());","        // init global","        local.global = local.modeJs === 'browser'","            ? window","            : global;","        switch (local.modeJs) {","        // re-init local from window.local","        case 'browser':","            local = local.global.utility2.objectSetDefault(","                local.global.utility2_rollup || local.global.local,","                local.global.utility2","            );","            break;","        // re-init local from example.js","        case 'node':","            local = (local.global.utility2_rollup || require('utility2'))","                .requireReadme();","            break;","        }","        // export local","        local.global.local = local;","    }());","","","","    // run shared js-env code - function","    (function () {","        return;","    }());","    switch (local.modeJs) {","","","","    // run browser js-env code - function","    case 'browser':","        break;","","","","    // run node js-env code - function","    case 'node':","        break;","    }","","","","    // run shared js-env code - init-after","    (function () {","        return;","    }());","    switch (local.modeJs) {","","","","    // run browser js-env code - init-after","    case 'browser':","        local.testCase_browser_nullCase = local.testCase_browser_nullCase || function (","            options,","            onError","        ) {","        /*","         * this function will test browsers's null-case handling-behavior-behavior","         */","            onError(null, options);","        };","","        // run tests","        local.nop(local.modeTest &&","            document.querySelector('#testRunButton1') &&","            document.querySelector('#testRunButton1').click());","        break;","","","","    // run node js-env code - init-after","    /* istanbul ignore next */","    case 'node':","        local.testCase_buildApidoc_default = local.testCase_buildApidoc_default || function (","            options,","            onError","        ) {","        /*","         * this function will test buildApidoc's default handling-behavior-behavior","         */","            options = { modulePathList: module.paths };","            local.buildApidoc(options, onError);","        };","","        local.testCase_buildApp_default = local.testCase_buildApp_default || function (","            options,","            onError","        ) {","        /*","         * this function will test buildApp's default handling-behavior-behavior","         */","            local.testCase_buildReadme_default(options, local.onErrorThrow);","            local.testCase_buildLib_default(options, local.onErrorThrow);","            local.testCase_buildTest_default(options, local.onErrorThrow);","            local.testCase_buildCustomOrg_default(options, local.onErrorThrow);","            options = [];","            local.buildApp(options, onError);","        };","","        local.testCase_buildCustomOrg_default = local.testCase_buildCustomOrg_default ||","            function (options, onError) {","            /*","             * this function will test buildCustomOrg's default handling-behavior","             */","                options = {};","                local.buildCustomOrg(options, onError);","            };","","        local.testCase_buildLib_default = local.testCase_buildLib_default || function (","            options,","            onError","        ) {","        /*","         * this function will test buildLib's default handling-behavior","         */","            options = {};","            local.buildLib(options, onError);","        };","","        local.testCase_buildReadme_default = local.testCase_buildReadme_default || function (","            options,","            onError","        ) {","        /*","         * this function will test buildReadme's default handling-behavior-behavior","         */","            options = {};","            local.buildReadme(options, onError);","        };","","        local.testCase_buildTest_default = local.testCase_buildTest_default || function (","            options,","            onError","        ) {","        /*","         * this function will test buildTest's default handling-behavior","         */","            options = {};","            local.buildTest(options, onError);","        };","","        local.testCase_webpage_default = local.testCase_webpage_default || function (","            options,","            onError","        ) {","        /*","         * this function will test webpage's default handling-behavior","         */","            options = { modeCoverageMerge: true, url: local.serverLocalHost + '?modeTest=1' };","            local.browserTest(options, onError);","        };","","        // run test-server","        local.testRunServer(local);","        break;","    }","}());",""],"l":{"12":2,"14":2,"19":2,"21":2,"23":2,"24":2,"25":2,"30":1,"37":2,"40":2,"43":1,"47":1,"50":1,"52":1,"55":2,"61":2,"62":2,"64":2,"70":1,"76":1,"82":2,"83":2,"85":2,"91":1,"98":1,"102":1,"105":1,"112":1,"119":1,"120":1,"123":1,"130":1,"131":1,"132":1,"133":1,"134":1,"135":1,"138":1,"143":2,"144":2,"147":1,"154":2,"155":2,"158":1,"165":2,"166":2,"169":1,"176":2,"177":2,"180":1,"187":1,"188":1,"192":1,"193":1}},"/home/travis/build/npmtest/node-npmtest-strman/lib.npmtest_strman.js":{"path":"/home/travis/build/npmtest/node-npmtest-strman/lib.npmtest_strman.js","s":{"1":2,"2":2,"3":2,"4":2,"5":2,"6":2,"7":2,"8":1,"9":2,"10":2,"11":2,"12":2,"13":1,"14":1,"15":1,"16":1},"b":{"1":[2,1,1,1],"2":[1,1,1,1],"3":[1,1],"4":[2,2],"5":[1,1]},"f":{"1":2,"2":2,"3":2},"fnMap":{"1":{"name":"(anonymous_1)","line":12,"loc":{"start":{"line":12,"column":1},"end":{"line":12,"column":13}}},"2":{"name":"(anonymous_2)","line":19,"loc":{"start":{"line":19,"column":5},"end":{"line":19,"column":17}}},"3":{"name":"(anonymous_3)","line":23,"loc":{"start":{"line":23,"column":24},"end":{"line":23,"column":36}}}},"statementMap":{"1":{"start":{"line":12,"column":0},"end":{"line":53,"column":5}},"2":{"start":{"line":14,"column":4},"end":{"line":14,"column":14}},"3":{"start":{"line":19,"column":4},"end":{"line":52,"column":9}},"4":{"start":{"line":21,"column":8},"end":{"line":21,"column":19}},"5":{"start":{"line":23,"column":8},"end":{"line":35,"column":13}},"6":{"start":{"line":24,"column":12},"end":{"line":34,"column":13}},"7":{"start":{"line":25,"column":16},"end":{"line":28,"column":30}},"8":{"start":{"line":30,"column":16},"end":{"line":33,"column":27}},"9":{"start":{"line":37,"column":8},"end":{"line":39,"column":21}},"10":{"start":{"line":41,"column":8},"end":{"line":41,"column":54}},"11":{"start":{"line":43,"column":8},"end":{"line":43,"column":51}},"12":{"start":{"line":45,"column":8},"end":{"line":51,"column":9}},"13":{"start":{"line":46,"column":12},"end":{"line":46,"column":57}},"14":{"start":{"line":48,"column":12},"end":{"line":48,"column":35}},"15":{"start":{"line":49,"column":12},"end":{"line":49,"column":49}},"16":{"start":{"line":50,"column":12},"end":{"line":50,"column":43}}},"branchMap":{"1":{"line":25,"type":"binary-expr","locations":[{"start":{"line":25,"column":23},"end":{"line":25,"column":62}},{"start":{"line":26,"column":20},"end":{"line":26,"column":70}},{"start":{"line":27,"column":20},"end":{"line":27,"column":71}},{"start":{"line":28,"column":20},"end":{"line":28,"column":29}}]},"2":{"line":30,"type":"binary-expr","locations":[{"start":{"line":30,"column":23},"end":{"line":30,"column":37}},{"start":{"line":31,"column":20},"end":{"line":31,"column":61}},{"start":{"line":32,"column":20},"end":{"line":32,"column":70}},{"start":{"line":33,"column":20},"end":{"line":33,"column":26}}]},"3":{"line":37,"type":"cond-expr","locations":[{"start":{"line":38,"column":14},"end":{"line":38,"column":20}},{"start":{"line":39,"column":14},"end":{"line":39,"column":20}}]},"4":{"line":41,"type":"binary-expr","locations":[{"start":{"line":41,"column":16},"end":{"line":41,"column":44}},{"start":{"line":41,"column":48},"end":{"line":41,"column":53}}]},"5":{"line":45,"type":"if","locations":[{"start":{"line":45,"column":8},"end":{"line":45,"column":8}},{"start":{"line":45,"column":8},"end":{"line":45,"column":8}}]}},"code":["/* istanbul instrument in package npmtest_strman */","/*jslint","    bitwise: true,","    browser: true,","    maxerr: 8,","    maxlen: 96,","    node: true,","    nomen: true,","    regexp: true,","    stupid: true","*/","(function () {","    'use strict';","    var local;","","","","    // run shared js-env code - init-before","    (function () {","        // init local","        local = {};","        // init modeJs","        local.modeJs = (function () {","            try {","                return typeof navigator.userAgent === 'string' &&","                    typeof document.querySelector('body') === 'object' &&","                    typeof XMLHttpRequest.prototype.open === 'function' &&","                    'browser';","            } catch (errorCaughtBrowser) {","                return module.exports &&","                    typeof process.versions.node === 'string' &&","                    typeof require('http').createServer === 'function' &&","                    'node';","            }","        }());","        // init global","        local.global = local.modeJs === 'browser'","            ? window","            : global;","        // init utility2_rollup","        local = local.global.utility2_rollup || local;","        // init lib","        local.local = local.npmtest_strman = local;","        // init exports","        if (local.modeJs === 'browser') {","            local.global.utility2_npmtest_strman = local;","        } else {","            module.exports = local;","            module.exports.__dirname = __dirname;","            module.exports.module = module;","        }","    }());","}());",""],"l":{"12":2,"14":2,"19":2,"21":2,"23":2,"24":2,"25":2,"30":1,"37":2,"41":2,"43":2,"45":2,"46":1,"48":1,"49":1,"50":1}},"/home/travis/build/npmtest/node-npmtest-strman/example.js":{"path":"/home/travis/build/npmtest/node-npmtest-strman/example.js","s":{"1":2,"2":2,"3":2,"4":2,"5":2,"6":2,"7":2,"8":1,"9":2,"10":2,"11":2,"12":2,"13":1,"14":2,"15":2,"16":2,"17":2,"18":2,"19":0,"20":2,"21":1,"22":1,"23":1,"24":1,"25":1,"26":0,"27":0,"28":1,"29":1,"30":2,"31":0,"32":0,"33":0,"34":1,"35":2,"36":2,"37":3,"38":3,"39":3,"40":3,"41":0,"42":3,"43":3,"44":3,"45":1,"46":3,"47":1,"48":1,"49":1,"50":1,"51":1,"52":1,"53":1,"54":1,"55":1,"56":1,"57":0,"58":1,"59":6,"60":6,"61":1,"62":2,"63":0,"64":2,"65":1,"66":1,"67":0,"68":0,"69":0,"70":0,"71":0,"72":0,"73":0,"74":0,"75":0,"76":0,"77":0,"78":0,"79":0,"80":0,"81":0,"82":0,"83":0},"b":{"1":[2,1,1,1],"2":[1,1,1,1],"3":[1,1],"4":[2,2],"5":[1,1],"6":[1,1],"7":[2,0],"8":[2,1,1,1,1,1],"9":[0,2,0],"10":[1,1],"11":[2,1,1],"12":[1,0],"13":[0,2],"14":[2,0,0,0,0,0,0],"15":[0,3],"16":[3,0],"17":[1,1],"18":[0,1],"19":[1,2,0,2],"20":[1,0],"21":[1,1],"22":[0,0],"23":[0,0],"24":[0,0],"25":[0,0],"26":[0,0],"27":[0,0],"28":[0,0]},"f":{"1":2,"2":2,"3":2,"4":2,"5":2,"6":2,"7":3,"8":3,"9":3,"10":1,"11":6,"12":0},"fnMap":{"1":{"name":"(anonymous_1)","line":26,"loc":{"start":{"line":26,"column":1},"end":{"line":26,"column":13}}},"2":{"name":"(anonymous_2)","line":33,"loc":{"start":{"line":33,"column":5},"end":{"line":33,"column":17}}},"3":{"name":"(anonymous_3)","line":37,"loc":{"start":{"line":37,"column":24},"end":{"line":37,"column":36}}},"4":{"name":"(anonymous_4)","line":69,"loc":{"start":{"line":69,"column":31},"end":{"line":69,"column":48}},"skip":true},"5":{"name":"(anonymous_5)","line":78,"loc":{"start":{"line":78,"column":26},"end":{"line":78,"column":45}},"skip":true},"6":{"name":"(anonymous_6)","line":123,"loc":{"start":{"line":123,"column":33},"end":{"line":123,"column":48}},"skip":true},"7":{"name":"(anonymous_7)","line":125,"loc":{"start":{"line":125,"column":27},"end":{"line":125,"column":39}},"skip":true},"8":{"name":"(anonymous_8)","line":133,"loc":{"start":{"line":133,"column":59},"end":{"line":133,"column":74}},"skip":true},"9":{"name":"(anonymous_9)","line":143,"loc":{"start":{"line":143,"column":45},"end":{"line":143,"column":62}},"skip":true},"10":{"name":"(anonymous_10)","line":144,"loc":{"start":{"line":144,"column":73},"end":{"line":144,"column":92}},"skip":true},"11":{"name":"(anonymous_11)","line":272,"loc":{"start":{"line":272,"column":51},"end":{"line":272,"column":77}},"skip":true},"12":{"name":"(anonymous_12)","line":315,"loc":{"start":{"line":315,"column":32},"end":{"line":315,"column":61}},"skip":true}},"statementMap":{"1":{"start":{"line":26,"column":0},"end":{"line":326,"column":5}},"2":{"start":{"line":28,"column":4},"end":{"line":28,"column":14}},"3":{"start":{"line":33,"column":4},"end":{"line":60,"column":9}},"4":{"start":{"line":35,"column":8},"end":{"line":35,"column":19}},"5":{"start":{"line":37,"column":8},"end":{"line":49,"column":13}},"6":{"start":{"line":38,"column":12},"end":{"line":48,"column":13}},"7":{"start":{"line":39,"column":16},"end":{"line":42,"column":30}},"8":{"start":{"line":44,"column":16},"end":{"line":47,"column":27}},"9":{"start":{"line":51,"column":8},"end":{"line":53,"column":21}},"10":{"start":{"line":55,"column":8},"end":{"line":57,"column":45}},"11":{"start":{"line":59,"column":8},"end":{"line":59,"column":35}},"12":{"start":{"line":61,"column":4},"end":{"line":325,"column":5}},"13":{"start":{"line":69,"column":8},"end":{"line":121,"column":10},"skip":true},"14":{"start":{"line":70,"column":12},"end":{"line":88,"column":13},"skip":true},"15":{"start":{"line":76,"column":16},"end":{"line":87,"column":19},"skip":true},"16":{"start":{"line":79,"column":20},"end":{"line":86,"column":21},"skip":true},"17":{"start":{"line":82,"column":24},"end":{"line":82,"column":43},"skip":true},"18":{"start":{"line":83,"column":24},"end":{"line":83,"column":30},"skip":true},"19":{"start":{"line":85,"column":24},"end":{"line":85,"column":49},"skip":true},"20":{"start":{"line":89,"column":12},"end":{"line":107,"column":13},"skip":true},"21":{"start":{"line":92,"column":16},"end":{"line":102,"column":17},"skip":true},"22":{"start":{"line":93,"column":20},"end":{"line":93,"column":86},"skip":true},"23":{"start":{"line":94,"column":20},"end":{"line":95,"column":45},"skip":true},"24":{"start":{"line":96,"column":20},"end":{"line":96,"column":42},"skip":true},"25":{"start":{"line":97,"column":20},"end":{"line":97,"column":48},"skip":true},"26":{"start":{"line":100,"column":20},"end":{"line":100,"column":85},"skip":true},"27":{"start":{"line":101,"column":20},"end":{"line":101,"column":96},"skip":true},"28":{"start":{"line":103,"column":16},"end":{"line":103,"column":22},"skip":true},"29":{"start":{"line":106,"column":16},"end":{"line":106,"column":22},"skip":true},"30":{"start":{"line":108,"column":12},"end":{"line":120,"column":13},"skip":true},"31":{"start":{"line":114,"column":16},"end":{"line":119,"column":17},"skip":true},"32":{"start":{"line":116,"column":20},"end":{"line":116,"column":78},"skip":true},"33":{"start":{"line":118,"column":20},"end":{"line":118,"column":47},"skip":true},"34":{"start":{"line":123,"column":8},"end":{"line":141,"column":11},"skip":true},"35":{"start":{"line":124,"column":12},"end":{"line":124,"column":54},"skip":true},"36":{"start":{"line":125,"column":12},"end":{"line":140,"column":14},"skip":true},"37":{"start":{"line":126,"column":16},"end":{"line":126,"column":28},"skip":true},"38":{"start":{"line":127,"column":16},"end":{"line":127,"column":69},"skip":true},"39":{"start":{"line":128,"column":16},"end":{"line":128,"column":75},"skip":true},"40":{"start":{"line":129,"column":16},"end":{"line":131,"column":17},"skip":true},"41":{"start":{"line":130,"column":20},"end":{"line":130,"column":27},"skip":true},"42":{"start":{"line":133,"column":16},"end":{"line":137,"column":36},"skip":true},"43":{"start":{"line":134,"column":20},"end":{"line":136,"column":55},"skip":true},"44":{"start":{"line":139,"column":16},"end":{"line":139,"column":57},"skip":true},"45":{"start":{"line":143,"column":8},"end":{"line":147,"column":11},"skip":true},"46":{"start":{"line":144,"column":12},"end":{"line":146,"column":15},"skip":true},"47":{"start":{"line":145,"column":16},"end":{"line":145,"column":70},"skip":true},"48":{"start":{"line":149,"column":8},"end":{"line":149,"column":31},"skip":true},"49":{"start":{"line":150,"column":8},"end":{"line":150,"column":14},"skip":true},"50":{"start":{"line":158,"column":8},"end":{"line":158,"column":31},"skip":true},"51":{"start":{"line":160,"column":8},"end":{"line":160,"column":33},"skip":true},"52":{"start":{"line":161,"column":8},"end":{"line":161,"column":37},"skip":true},"53":{"start":{"line":162,"column":8},"end":{"line":162,"column":35},"skip":true},"54":{"start":{"line":164,"column":8},"end":{"line":164,"column":50},"skip":true},"55":{"start":{"line":166,"column":8},"end":{"line":256,"column":2},"skip":true},"56":{"start":{"line":258,"column":8},"end":{"line":286,"column":9},"skip":true},"57":{"start":{"line":259,"column":12},"end":{"line":269,"column":14},"skip":true},"58":{"start":{"line":271,"column":12},"end":{"line":285,"column":19},"skip":true},"59":{"start":{"line":274,"column":20},"end":{"line":274,"column":35},"skip":true},"60":{"start":{"line":275,"column":20},"end":{"line":284,"column":21},"skip":true},"61":{"start":{"line":277,"column":24},"end":{"line":277,"column":64},"skip":true},"62":{"start":{"line":279,"column":24},"end":{"line":279,"column":40},"skip":true},"63":{"start":{"line":281,"column":24},"end":{"line":281,"column":40},"skip":true},"64":{"start":{"line":283,"column":24},"end":{"line":283,"column":39},"skip":true},"65":{"start":{"line":288,"column":8},"end":{"line":290,"column":9},"skip":true},"66":{"start":{"line":289,"column":12},"end":{"line":289,"column":18},"skip":true},"67":{"start":{"line":291,"column":8},"end":{"line":293,"column":54},"skip":true},"68":{"start":{"line":296,"column":8},"end":{"line":301,"column":37},"skip":true},"69":{"start":{"line":303,"column":8},"end":{"line":303,"column":82},"skip":true},"70":{"start":{"line":306,"column":8},"end":{"line":308,"column":9},"skip":true},"71":{"start":{"line":307,"column":12},"end":{"line":307,"column":82},"skip":true},"72":{"start":{"line":310,"column":8},"end":{"line":312,"column":9},"skip":true},"73":{"start":{"line":311,"column":12},"end":{"line":311,"column":18},"skip":true},"74":{"start":{"line":313,"column":8},"end":{"line":313,"column":54},"skip":true},"75":{"start":{"line":314,"column":8},"end":{"line":314,"column":69},"skip":true},"76":{"start":{"line":315,"column":8},"end":{"line":323,"column":36},"skip":true},"77":{"start":{"line":316,"column":12},"end":{"line":316,"column":61},"skip":true},"78":{"start":{"line":317,"column":12},"end":{"line":320,"column":13},"skip":true},"79":{"start":{"line":318,"column":16},"end":{"line":318,"column":75},"skip":true},"80":{"start":{"line":319,"column":16},"end":{"line":319,"column":23},"skip":true},"81":{"start":{"line":321,"column":12},"end":{"line":321,"column":38},"skip":true},"82":{"start":{"line":322,"column":12},"end":{"line":322,"column":27},"skip":true},"83":{"start":{"line":324,"column":8},"end":{"line":324,"column":14},"skip":true}},"branchMap":{"1":{"line":39,"type":"binary-expr","locations":[{"start":{"line":39,"column":23},"end":{"line":39,"column":62}},{"start":{"line":40,"column":20},"end":{"line":40,"column":70}},{"start":{"line":41,"column":20},"end":{"line":41,"column":71}},{"start":{"line":42,"column":20},"end":{"line":42,"column":29}}]},"2":{"line":44,"type":"binary-expr","locations":[{"start":{"line":44,"column":23},"end":{"line":44,"column":37}},{"start":{"line":45,"column":20},"end":{"line":45,"column":61}},{"start":{"line":46,"column":20},"end":{"line":46,"column":70}},{"start":{"line":47,"column":20},"end":{"line":47,"column":26}}]},"3":{"line":51,"type":"cond-expr","locations":[{"start":{"line":52,"column":14},"end":{"line":52,"column":20}},{"start":{"line":53,"column":14},"end":{"line":53,"column":20}}]},"4":{"line":55,"type":"binary-expr","locations":[{"start":{"line":55,"column":16},"end":{"line":55,"column":44}},{"start":{"line":55,"column":49},"end":{"line":57,"column":43}}]},"5":{"line":55,"type":"cond-expr","locations":[{"start":{"line":56,"column":14},"end":{"line":56,"column":50}},{"start":{"line":57,"column":14},"end":{"line":57,"column":43}}]},"6":{"line":61,"type":"switch","locations":[{"start":{"line":68,"column":4},"end":{"line":150,"column":14},"skip":true},{"start":{"line":156,"column":4},"end":{"line":324,"column":14},"skip":true}]},"7":{"line":70,"type":"if","locations":[{"start":{"line":70,"column":12},"end":{"line":70,"column":12},"skip":true},{"start":{"line":70,"column":12},"end":{"line":70,"column":12},"skip":true}]},"8":{"line":70,"type":"binary-expr","locations":[{"start":{"line":70,"column":16},"end":{"line":70,"column":22},"skip":true},{"start":{"line":70,"column":27},"end":{"line":70,"column":32},"skip":true},{"start":{"line":71,"column":20},"end":{"line":71,"column":39},"skip":true},{"start":{"line":72,"column":20},"end":{"line":72,"column":49},"skip":true},{"start":{"line":73,"column":20},"end":{"line":73,"column":58},"skip":true},{"start":{"line":74,"column":20},"end":{"line":74,"column":69},"skip":true}]},"9":{"line":79,"type":"switch","locations":[{"start":{"line":80,"column":20},"end":{"line":80,"column":33},"skip":true},{"start":{"line":81,"column":20},"end":{"line":83,"column":30},"skip":true},{"start":{"line":84,"column":20},"end":{"line":85,"column":49},"skip":true}]},"10":{"line":89,"type":"switch","locations":[{"start":{"line":90,"column":12},"end":{"line":103,"column":22},"skip":true},{"start":{"line":105,"column":12},"end":{"line":106,"column":22},"skip":true}]},"11":{"line":89,"type":"binary-expr","locations":[{"start":{"line":89,"column":20},"end":{"line":89,"column":25},"skip":true},{"start":{"line":89,"column":29},"end":{"line":89,"column":48},"skip":true},{"start":{"line":89,"column":52},"end":{"line":89,"column":74},"skip":true}]},"12":{"line":92,"type":"if","locations":[{"start":{"line":92,"column":16},"end":{"line":92,"column":16},"skip":true},{"start":{"line":92,"column":16},"end":{"line":92,"column":16},"skip":true}]},"13":{"line":108,"type":"if","locations":[{"start":{"line":108,"column":12},"end":{"line":108,"column":12},"skip":true},{"start":{"line":108,"column":12},"end":{"line":108,"column":12},"skip":true}]},"14":{"line":108,"type":"binary-expr","locations":[{"start":{"line":108,"column":16},"end":{"line":108,"column":61},"skip":true},{"start":{"line":108,"column":66},"end":{"line":108,"column":72},"skip":true},{"start":{"line":108,"column":77},"end":{"line":108,"column":82},"skip":true},{"start":{"line":109,"column":20},"end":{"line":109,"column":39},"skip":true},{"start":{"line":110,"column":20},"end":{"line":110,"column":49},"skip":true},{"start":{"line":111,"column":20},"end":{"line":111,"column":58},"skip":true},{"start":{"line":112,"column":20},"end":{"line":112,"column":68},"skip":true}]},"15":{"line":129,"type":"if","locations":[{"start":{"line":129,"column":16},"end":{"line":129,"column":16},"skip":true},{"start":{"line":129,"column":16},"end":{"line":129,"column":16},"skip":true}]},"16":{"line":134,"type":"cond-expr","locations":[{"start":{"line":135,"column":26},"end":{"line":135,"column":29},"skip":true},{"start":{"line":136,"column":26},"end":{"line":136,"column":54},"skip":true}]},"17":{"line":164,"type":"binary-expr","locations":[{"start":{"line":164,"column":27},"end":{"line":164,"column":43},"skip":true},{"start":{"line":164,"column":47},"end":{"line":164,"column":49},"skip":true}]},"18":{"line":258,"type":"if","locations":[{"start":{"line":258,"column":8},"end":{"line":258,"column":8},"skip":true},{"start":{"line":258,"column":8},"end":{"line":258,"column":8},"skip":true}]},"19":{"line":275,"type":"switch","locations":[{"start":{"line":276,"column":20},"end":{"line":277,"column":64},"skip":true},{"start":{"line":278,"column":20},"end":{"line":279,"column":40},"skip":true},{"start":{"line":280,"column":20},"end":{"line":281,"column":40},"skip":true},{"start":{"line":282,"column":20},"end":{"line":283,"column":39},"skip":true}]},"20":{"line":288,"type":"if","locations":[{"start":{"line":288,"column":8},"end":{"line":288,"column":8},"skip":true},{"start":{"line":288,"column":8},"end":{"line":288,"column":8},"skip":true}]},"21":{"line":288,"type":"binary-expr","locations":[{"start":{"line":288,"column":12},"end":{"line":288,"column":40},"skip":true},{"start":{"line":288,"column":44},"end":{"line":288,"column":67},"skip":true}]},"22":{"line":292,"type":"binary-expr","locations":[{"start":{"line":292,"column":12},"end":{"line":292,"column":50},"skip":true},{"start":{"line":293,"column":12},"end":{"line":293,"column":53},"skip":true}]},"23":{"line":297,"type":"binary-expr","locations":[{"start":{"line":297,"column":12},"end":{"line":297,"column":64},"skip":true},{"start":{"line":298,"column":12},"end":{"line":301,"column":36},"skip":true}]},"24":{"line":303,"type":"binary-expr","locations":[{"start":{"line":303,"column":43},"end":{"line":303,"column":75},"skip":true},{"start":{"line":303,"column":79},"end":{"line":303,"column":81},"skip":true}]},"25":{"line":306,"type":"if","locations":[{"start":{"line":306,"column":8},"end":{"line":306,"column":8},"skip":true},{"start":{"line":306,"column":8},"end":{"line":306,"column":8},"skip":true}]},"26":{"line":310,"type":"if","locations":[{"start":{"line":310,"column":8},"end":{"line":310,"column":8},"skip":true},{"start":{"line":310,"column":8},"end":{"line":310,"column":8},"skip":true}]},"27":{"line":313,"type":"binary-expr","locations":[{"start":{"line":313,"column":27},"end":{"line":313,"column":43},"skip":true},{"start":{"line":313,"column":47},"end":{"line":313,"column":53},"skip":true}]},"28":{"line":317,"type":"if","locations":[{"start":{"line":317,"column":12},"end":{"line":317,"column":12},"skip":true},{"start":{"line":317,"column":12},"end":{"line":317,"column":12},"skip":true}]}},"code":["/*","example.js","","quickstart example","","instruction","    1. save this script as example.js","    2. run the shell command:","        $ npm install npmtest-strman && PORT=8081 node example.js","    3. play with the browser-demo on http://127.0.0.1:8081","*/","","","","/* istanbul instrument in package npmtest_strman */","/*jslint","    bitwise: true,","    browser: true,","    maxerr: 8,","    maxlen: 96,","    node: true,","    nomen: true,","    regexp: true,","    stupid: true","*/","(function () {","    'use strict';","    var local;","","","","    // run shared js-env code - init-before","    (function () {","        // init local","        local = {};","        // init modeJs","        local.modeJs = (function () {","            try {","                return typeof navigator.userAgent === 'string' &&","                    typeof document.querySelector('body') === 'object' &&","                    typeof XMLHttpRequest.prototype.open === 'function' &&","                    'browser';","            } catch (errorCaughtBrowser) {","                return module.exports &&","                    typeof process.versions.node === 'string' &&","                    typeof require('http').createServer === 'function' &&","                    'node';","            }","        }());","        // init global","        local.global = local.modeJs === 'browser'","            ? window","            : global;","        // init utility2_rollup","        local = local.global.utility2_rollup || (local.modeJs === 'browser'","            ? local.global.utility2_npmtest_strman","            : global.utility2_moduleExports);","        // export local","        local.global.local = local;","    }());","    switch (local.modeJs) {","","","","    // init-after","    // run browser js-env code - init-after","    /* istanbul ignore next */","    case 'browser':","        local.testRunBrowser = function (event) {","            if (!event || (event &&","                    event.currentTarget &&","                    event.currentTarget.className &&","                    event.currentTarget.className.includes &&","                    event.currentTarget.className.includes('onreset'))) {","                // reset output","                Array.from(","                    document.querySelectorAll('body > .resettable')","                ).forEach(function (element) {","                    switch (element.tagName) {","                    case 'INPUT':","                    case 'TEXTAREA':","                        element.value = '';","                        break;","                    default:","                        element.textContent = '';","                    }","                });","            }","            switch (event && event.currentTarget && event.currentTarget.id) {","            case 'testRunButton1':","                // show tests","                if (document.querySelector('#testReportDiv1').style.display === 'none') {","                    document.querySelector('#testReportDiv1').style.display = 'block';","                    document.querySelector('#testRunButton1').textContent =","                        'hide internal test';","                    local.modeTest = true;","                    local.testRunDefault(local);","                // hide tests","                } else {","                    document.querySelector('#testReportDiv1').style.display = 'none';","                    document.querySelector('#testRunButton1').textContent = 'run internal test';","                }","                break;","            // custom-case","            default:","                break;","            }","            if (document.querySelector('#inputTextareaEval1') && (!event || (event &&","                    event.currentTarget &&","                    event.currentTarget.className &&","                    event.currentTarget.className.includes &&","                    event.currentTarget.className.includes('oneval')))) {","                // try to eval input-code","                try {","                    /*jslint evil: true*/","                    eval(document.querySelector('#inputTextareaEval1').value);","                } catch (errorCaught) {","                    console.error(errorCaught);","                }","            }","        };","        // log stderr and stdout to #outputTextareaStdout1","        ['error', 'log'].forEach(function (key) {","            console[key + '_original'] = console[key];","            console[key] = function () {","                var element;","                console[key + '_original'].apply(console, arguments);","                element = document.querySelector('#outputTextareaStdout1');","                if (!element) {","                    return;","                }","                // append text to #outputTextareaStdout1","                element.value += Array.from(arguments).map(function (arg) {","                    return typeof arg === 'string'","                        ? arg","                        : JSON.stringify(arg, null, 4);","                }).join(' ') + '\\n';","                // scroll textarea to bottom","                element.scrollTop = element.scrollHeight;","            };","        });","        // init event-handling","        ['change', 'click', 'keyup'].forEach(function (event) {","            Array.from(document.querySelectorAll('.on' + event)).forEach(function (element) {","                element.addEventListener(event, local.testRunBrowser);","            });","        });","        // run tests","        local.testRunBrowser();","        break;","","","","    // run node js-env code - init-after","    /* istanbul ignore next */","    case 'node':","        // export local","        module.exports = local;","        // require modules","        local.fs = require('fs');","        local.http = require('http');","        local.url = require('url');","        // init assets","        local.assetsDict = local.assetsDict || {};","        /* jslint-ignore-begin */","        local.assetsDict['/assets.index.template.html'] = '\\","<!doctype html>\\n\\","<html lang=\"en\">\\n\\","<head>\\n\\","<meta charset=\"UTF-8\">\\n\\","<meta name=\"viewport\" content=\"width=device-width, initial-scale=1\">\\n\\","<title>{{env.npm_package_name}} (v{{env.npm_package_version}})</title>\\n\\","<style>\\n\\","/*csslint\\n\\","    box-sizing: false,\\n\\","    universal-selector: false\\n\\","*/\\n\\","* {\\n\\","    box-sizing: border-box;\\n\\","}\\n\\","body {\\n\\","    background: #dde;\\n\\","    font-family: Arial, Helvetica, sans-serif;\\n\\","    margin: 2rem;\\n\\","}\\n\\","body > * {\\n\\","    margin-bottom: 1rem;\\n\\","}\\n\\",".utility2FooterDiv {\\n\\","    margin-top: 20px;\\n\\","    text-align: center;\\n\\","}\\n\\","</style>\\n\\","<style>\\n\\","/*csslint\\n\\","*/\\n\\","textarea {\\n\\","    font-family: monospace;\\n\\","    height: 10rem;\\n\\","    width: 100%;\\n\\","}\\n\\","textarea[readonly] {\\n\\","    background: #ddd;\\n\\","}\\n\\","</style>\\n\\","</head>\\n\\","<body>\\n\\","<!-- utility2-comment\\n\\","<div id=\"ajaxProgressDiv1\" style=\"background: #d00; height: 2px; left: 0; margin: 0; padding: 0; position: fixed; top: 0; transition: background 0.5s, width 1.5s; width: 25%;\"></div>\\n\\","utility2-comment -->\\n\\","<h1>\\n\\","<!-- utility2-comment\\n\\","    <a\\n\\","        {{#if env.npm_package_homepage}}\\n\\","        href=\"{{env.npm_package_homepage}}\"\\n\\","        {{/if env.npm_package_homepage}}\\n\\","        target=\"_blank\"\\n\\","    >\\n\\","utility2-comment -->\\n\\","        {{env.npm_package_name}} (v{{env.npm_package_version}})\\n\\","<!-- utility2-comment\\n\\","    </a>\\n\\","utility2-comment -->\\n\\","</h1>\\n\\","<h3>{{env.npm_package_description}}</h3>\\n\\","<!-- utility2-comment\\n\\","<h4><a download href=\"assets.app.js\">download standalone app</a></h4>\\n\\","<button class=\"onclick onreset\" id=\"testRunButton1\">run internal test</button><br>\\n\\","<div id=\"testReportDiv1\" style=\"display: none;\"></div>\\n\\","utility2-comment -->\\n\\","\\n\\","\\n\\","\\n\\","<label>stderr and stdout</label>\\n\\","<textarea class=\"resettable\" id=\"outputTextareaStdout1\" readonly></textarea>\\n\\","<!-- utility2-comment\\n\\","{{#if isRollup}}\\n\\","<script src=\"assets.app.js\"></script>\\n\\","{{#unless isRollup}}\\n\\","utility2-comment -->\\n\\","<script src=\"assets.utility2.rollup.js\"></script>\\n\\","<script src=\"jsonp.utility2._stateInit?callback=window.utility2._stateInit\"></script>\\n\\","<script src=\"assets.npmtest_strman.rollup.js\"></script>\\n\\","<script src=\"assets.example.js\"></script>\\n\\","<script src=\"assets.test.js\"></script>\\n\\","<!-- utility2-comment\\n\\","{{/if isRollup}}\\n\\","utility2-comment -->\\n\\","<div class=\"utility2FooterDiv\">\\n\\","    [ this app was created with\\n\\","    <a href=\"https://github.com/kaizhu256/node-utility2\" target=\"_blank\">utility2</a>\\n\\","    ]\\n\\","</div>\\n\\","</body>\\n\\","</html>\\n\\","';","        /* jslint-ignore-end */","        if (local.templateRender) {","            local.assetsDict['/'] = local.templateRender(","                local.assetsDict['/assets.index.template.html'],","                {","                    env: local.objectSetDefault(local.env, {","                        npm_package_description: 'the greatest app in the world!',","                        npm_package_name: 'my-app',","                        npm_package_nameAlias: 'my_app',","                        npm_package_version: '0.0.1'","                    })","                }","            );","        } else {","            local.assetsDict['/'] = local.assetsDict['/assets.index.template.html']","                .replace((/\\{\\{env\\.(\\w+?)\\}\\}/g), function (match0, match1) {","                    // jslint-hack","                    String(match0);","                    switch (match1) {","                    case 'npm_package_description':","                        return 'the greatest app in the world!';","                    case 'npm_package_name':","                        return 'my-app';","                    case 'npm_package_nameAlias':","                        return 'my_app';","                    case 'npm_package_version':","                        return '0.0.1';","                    }","                });","        }","        // run the cli","        if (local.global.utility2_rollup || module !== require.main) {","            break;","        }","        local.assetsDict['/assets.example.js'] =","            local.assetsDict['/assets.example.js'] ||","            local.fs.readFileSync(__filename, 'utf8');","        // bug-workaround - long $npm_package_buildCustomOrg","        /* jslint-ignore-begin */","        local.assetsDict['/assets.npmtest_strman.rollup.js'] =","            local.assetsDict['/assets.npmtest_strman.rollup.js'] ||","            local.fs.readFileSync(","                local.npmtest_strman.__dirname + '/lib.npmtest_strman.js',","                'utf8'","            ).replace((/^#!/), '//');","        /* jslint-ignore-end */","        local.assetsDict['/favicon.ico'] = local.assetsDict['/favicon.ico'] || '';","        // if $npm_config_timeout_exit exists,","        // then exit this process after $npm_config_timeout_exit ms","        if (Number(process.env.npm_config_timeout_exit)) {","            setTimeout(process.exit, Number(process.env.npm_config_timeout_exit));","        }","        // start server","        if (local.global.utility2_serverHttp1) {","            break;","        }","        process.env.PORT = process.env.PORT || '8081';","        console.error('server starting on port ' + process.env.PORT);","        local.http.createServer(function (request, response) {","            request.urlParsed = local.url.parse(request.url);","            if (local.assetsDict[request.urlParsed.pathname] !== undefined) {","                response.end(local.assetsDict[request.urlParsed.pathname]);","                return;","            }","            response.statusCode = 404;","            response.end();","        }).listen(process.env.PORT);","        break;","    }","}());",""],"l":{"26":2,"28":2,"33":2,"35":2,"37":2,"38":2,"39":2,"44":1,"51":2,"55":2,"59":2,"61":2,"69":1,"70":2,"76":2,"79":2,"82":2,"83":2,"85":1,"89":2,"92":1,"93":1,"94":1,"96":1,"97":1,"100":1,"101":1,"103":1,"106":1,"108":2,"114":1,"116":1,"118":1,"123":1,"124":2,"125":2,"126":3,"127":3,"128":3,"129":3,"130":1,"133":3,"134":3,"139":3,"143":1,"144":3,"145":1,"149":1,"150":1,"158":1,"160":1,"161":1,"162":1,"164":1,"166":1,"258":1,"259":1,"271":1,"274":6,"275":6,"277":1,"279":2,"281":1,"283":2,"288":1,"289":1,"291":1,"296":1,"303":1,"306":1,"307":1,"310":1,"311":1,"313":1,"314":1,"315":1,"316":1,"317":1,"318":1,"319":1,"321":1,"322":1,"324":1}},"/home/travis/build/npmtest/node-npmtest-strman/node_modules/strman/lib/strman.js":{"path":"/home/travis/build/npmtest/node-npmtest-strman/node_modules/strman/lib/strman.js","s":{"1":1,"2":1,"3":1,"4":1,"5":1,"6":1,"7":1,"8":1,"9":1,"10":1,"11":1,"12":1,"13":1,"14":1,"15":1,"16":1,"17":1,"18":1,"19":1,"20":1,"21":1,"22":1,"23":1,"24":1,"25":1,"26":1,"27":1,"28":1,"29":1,"30":1,"31":1,"32":1,"33":1,"34":1,"35":1,"36":1,"37":1,"38":1,"39":1,"40":1,"41":1,"42":1,"43":1,"44":1,"45":1,"46":1,"47":1,"48":1,"49":1,"50":1,"51":1,"52":1,"53":1,"54":1,"55":1,"56":1,"57":1,"58":1,"59":1,"60":1,"61":1,"62":1,"63":1,"64":1,"65":1,"66":1,"67":1,"68":1,"69":1,"70":1,"71":1,"72":1,"73":1,"74":1,"75":1,"76":1,"77":1,"78":1,"79":1,"80":1,"81":1,"82":1,"83":1,"84":1,"85":1,"86":1,"87":1,"88":1,"89":1,"90":1,"91":1,"92":1,"93":1,"94":1,"95":1,"96":1,"97":1,"98":1,"99":1,"100":1,"101":1,"102":1,"103":1,"104":1,"105":1,"106":1,"107":1,"108":1,"109":1,"110":1,"111":1,"112":1,"113":1,"114":1,"115":1,"116":1,"117":1,"118":1,"119":1,"120":1,"121":1,"122":1,"123":1,"124":1,"125":1,"126":1,"127":1,"128":1,"129":1,"130":1,"131":1,"132":1,"133":1,"134":1,"135":1,"136":1,"137":1,"138":1,"139":1,"140":1,"141":1,"142":69,"143":1,"144":1,"145":1,"146":1,"147":1,"148":1,"149":1,"150":1,"151":1,"152":1,"153":1,"154":1,"155":1,"156":1,"157":1,"158":1,"159":1,"160":1,"161":1,"162":1,"163":1,"164":1,"165":1,"166":1,"167":1,"168":1,"169":1,"170":1,"171":1,"172":1,"173":1,"174":1,"175":1,"176":1,"177":1,"178":1,"179":1,"180":1,"181":1,"182":1,"183":1,"184":1,"185":1,"186":1,"187":1,"188":1,"189":1,"190":1,"191":1,"192":1,"193":1,"194":1,"195":1,"196":1,"197":1,"198":1,"199":1,"200":1,"201":1,"202":1,"203":1,"204":1,"205":1,"206":1,"207":1,"208":1,"209":1,"210":1,"211":1,"212":1},"b":{"1":[69,0],"2":[69,69]},"f":{"1":69},"fnMap":{"1":{"name":"_interopRequireDefault","line":284,"loc":{"start":{"line":284,"column":0},"end":{"line":284,"column":37}}}},"statementMap":{"1":{"start":{"line":3,"column":0},"end":{"line":5,"column":3}},"2":{"start":{"line":6,"column":0},"end":{"line":6,"column":1392}},"3":{"start":{"line":8,"column":0},"end":{"line":8,"column":33}},"4":{"start":{"line":10,"column":0},"end":{"line":10,"column":46}},"5":{"start":{"line":12,"column":0},"end":{"line":12,"column":42}},"6":{"start":{"line":14,"column":0},"end":{"line":14,"column":55}},"7":{"start":{"line":16,"column":0},"end":{"line":16,"column":37}},"8":{"start":{"line":18,"column":0},"end":{"line":18,"column":50}},"9":{"start":{"line":20,"column":0},"end":{"line":20,"column":37}},"10":{"start":{"line":22,"column":0},"end":{"line":22,"column":50}},"11":{"start":{"line":24,"column":0},"end":{"line":24,"column":38}},"12":{"start":{"line":26,"column":0},"end":{"line":26,"column":51}},"13":{"start":{"line":28,"column":0},"end":{"line":28,"column":39}},"14":{"start":{"line":30,"column":0},"end":{"line":30,"column":52}},"15":{"start":{"line":32,"column":0},"end":{"line":32,"column":39}},"16":{"start":{"line":34,"column":0},"end":{"line":34,"column":52}},"17":{"start":{"line":36,"column":0},"end":{"line":36,"column":58}},"18":{"start":{"line":38,"column":0},"end":{"line":38,"column":71}},"19":{"start":{"line":40,"column":0},"end":{"line":40,"column":44}},"20":{"start":{"line":42,"column":0},"end":{"line":42,"column":57}},"21":{"start":{"line":44,"column":0},"end":{"line":44,"column":35}},"22":{"start":{"line":46,"column":0},"end":{"line":46,"column":48}},"23":{"start":{"line":48,"column":0},"end":{"line":48,"column":46}},"24":{"start":{"line":50,"column":0},"end":{"line":50,"column":59}},"25":{"start":{"line":52,"column":0},"end":{"line":52,"column":40}},"26":{"start":{"line":54,"column":0},"end":{"line":54,"column":53}},"27":{"start":{"line":56,"column":0},"end":{"line":56,"column":44}},"28":{"start":{"line":58,"column":0},"end":{"line":58,"column":57}},"29":{"start":{"line":60,"column":0},"end":{"line":60,"column":41}},"30":{"start":{"line":62,"column":0},"end":{"line":62,"column":54}},"31":{"start":{"line":64,"column":0},"end":{"line":64,"column":35}},"32":{"start":{"line":66,"column":0},"end":{"line":66,"column":48}},"33":{"start":{"line":68,"column":0},"end":{"line":68,"column":37}},"34":{"start":{"line":70,"column":0},"end":{"line":70,"column":50}},"35":{"start":{"line":72,"column":0},"end":{"line":72,"column":33}},"36":{"start":{"line":74,"column":0},"end":{"line":74,"column":46}},"37":{"start":{"line":76,"column":0},"end":{"line":76,"column":44}},"38":{"start":{"line":78,"column":0},"end":{"line":78,"column":57}},"39":{"start":{"line":80,"column":0},"end":{"line":80,"column":58}},"40":{"start":{"line":82,"column":0},"end":{"line":82,"column":71}},"41":{"start":{"line":84,"column":0},"end":{"line":84,"column":46}},"42":{"start":{"line":86,"column":0},"end":{"line":86,"column":59}},"43":{"start":{"line":88,"column":0},"end":{"line":88,"column":46}},"44":{"start":{"line":90,"column":0},"end":{"line":90,"column":59}},"45":{"start":{"line":92,"column":0},"end":{"line":92,"column":40}},"46":{"start":{"line":94,"column":0},"end":{"line":94,"column":53}},"47":{"start":{"line":96,"column":0},"end":{"line":96,"column":44}},"48":{"start":{"line":98,"column":0},"end":{"line":98,"column":57}},"49":{"start":{"line":100,"column":0},"end":{"line":100,"column":39}},"50":{"start":{"line":102,"column":0},"end":{"line":102,"column":52}},"51":{"start":{"line":104,"column":0},"end":{"line":104,"column":33}},"52":{"start":{"line":106,"column":0},"end":{"line":106,"column":46}},"53":{"start":{"line":108,"column":0},"end":{"line":108,"column":38}},"54":{"start":{"line":110,"column":0},"end":{"line":110,"column":51}},"55":{"start":{"line":112,"column":0},"end":{"line":112,"column":42}},"56":{"start":{"line":114,"column":0},"end":{"line":114,"column":55}},"57":{"start":{"line":116,"column":0},"end":{"line":116,"column":37}},"58":{"start":{"line":118,"column":0},"end":{"line":118,"column":50}},"59":{"start":{"line":120,"column":0},"end":{"line":120,"column":44}},"60":{"start":{"line":122,"column":0},"end":{"line":122,"column":57}},"61":{"start":{"line":124,"column":0},"end":{"line":124,"column":27}},"62":{"start":{"line":126,"column":0},"end":{"line":126,"column":40}},"63":{"start":{"line":128,"column":0},"end":{"line":128,"column":44}},"64":{"start":{"line":130,"column":0},"end":{"line":130,"column":57}},"65":{"start":{"line":132,"column":0},"end":{"line":132,"column":35}},"66":{"start":{"line":134,"column":0},"end":{"line":134,"column":48}},"67":{"start":{"line":136,"column":0},"end":{"line":136,"column":44}},"68":{"start":{"line":138,"column":0},"end":{"line":138,"column":57}},"69":{"start":{"line":140,"column":0},"end":{"line":140,"column":50}},"70":{"start":{"line":142,"column":0},"end":{"line":142,"column":63}},"71":{"start":{"line":144,"column":0},"end":{"line":144,"column":33}},"72":{"start":{"line":146,"column":0},"end":{"line":146,"column":46}},"73":{"start":{"line":148,"column":0},"end":{"line":148,"column":44}},"74":{"start":{"line":150,"column":0},"end":{"line":150,"column":57}},"75":{"start":{"line":152,"column":0},"end":{"line":152,"column":47}},"76":{"start":{"line":154,"column":0},"end":{"line":154,"column":60}},"77":{"start":{"line":156,"column":0},"end":{"line":156,"column":44}},"78":{"start":{"line":158,"column":0},"end":{"line":158,"column":57}},"79":{"start":{"line":160,"column":0},"end":{"line":160,"column":40}},"80":{"start":{"line":162,"column":0},"end":{"line":162,"column":53}},"81":{"start":{"line":164,"column":0},"end":{"line":164,"column":31}},"82":{"start":{"line":166,"column":0},"end":{"line":166,"column":44}},"83":{"start":{"line":168,"column":0},"end":{"line":168,"column":44}},"84":{"start":{"line":170,"column":0},"end":{"line":170,"column":57}},"85":{"start":{"line":172,"column":0},"end":{"line":172,"column":37}},"86":{"start":{"line":174,"column":0},"end":{"line":174,"column":50}},"87":{"start":{"line":176,"column":0},"end":{"line":176,"column":44}},"88":{"start":{"line":178,"column":0},"end":{"line":178,"column":57}},"89":{"start":{"line":180,"column":0},"end":{"line":180,"column":47}},"90":{"start":{"line":182,"column":0},"end":{"line":182,"column":60}},"91":{"start":{"line":184,"column":0},"end":{"line":184,"column":44}},"92":{"start":{"line":186,"column":0},"end":{"line":186,"column":57}},"93":{"start":{"line":188,"column":0},"end":{"line":188,"column":40}},"94":{"start":{"line":190,"column":0},"end":{"line":190,"column":53}},"95":{"start":{"line":192,"column":0},"end":{"line":192,"column":44}},"96":{"start":{"line":194,"column":0},"end":{"line":194,"column":57}},"97":{"start":{"line":196,"column":0},"end":{"line":196,"column":46}},"98":{"start":{"line":198,"column":0},"end":{"line":198,"column":59}},"99":{"start":{"line":200,"column":0},"end":{"line":200,"column":33}},"100":{"start":{"line":202,"column":0},"end":{"line":202,"column":46}},"101":{"start":{"line":204,"column":0},"end":{"line":204,"column":46}},"102":{"start":{"line":206,"column":0},"end":{"line":206,"column":59}},"103":{"start":{"line":208,"column":0},"end":{"line":208,"column":37}},"104":{"start":{"line":210,"column":0},"end":{"line":210,"column":50}},"105":{"start":{"line":212,"column":0},"end":{"line":212,"column":40}},"106":{"start":{"line":214,"column":0},"end":{"line":214,"column":53}},"107":{"start":{"line":216,"column":0},"end":{"line":216,"column":42}},"108":{"start":{"line":218,"column":0},"end":{"line":218,"column":55}},"109":{"start":{"line":220,"column":0},"end":{"line":220,"column":36}},"110":{"start":{"line":222,"column":0},"end":{"line":222,"column":49}},"111":{"start":{"line":224,"column":0},"end":{"line":224,"column":35}},"112":{"start":{"line":226,"column":0},"end":{"line":226,"column":48}},"113":{"start":{"line":228,"column":0},"end":{"line":228,"column":42}},"114":{"start":{"line":230,"column":0},"end":{"line":230,"column":55}},"115":{"start":{"line":232,"column":0},"end":{"line":232,"column":44}},"116":{"start":{"line":234,"column":0},"end":{"line":234,"column":57}},"117":{"start":{"line":236,"column":0},"end":{"line":236,"column":40}},"118":{"start":{"line":238,"column":0},"end":{"line":238,"column":53}},"119":{"start":{"line":240,"column":0},"end":{"line":240,"column":40}},"120":{"start":{"line":242,"column":0},"end":{"line":242,"column":53}},"121":{"start":{"line":244,"column":0},"end":{"line":244,"column":42}},"122":{"start":{"line":246,"column":0},"end":{"line":246,"column":55}},"123":{"start":{"line":248,"column":0},"end":{"line":248,"column":38}},"124":{"start":{"line":250,"column":0},"end":{"line":250,"column":51}},"125":{"start":{"line":252,"column":0},"end":{"line":252,"column":37}},"126":{"start":{"line":254,"column":0},"end":{"line":254,"column":50}},"127":{"start":{"line":256,"column":0},"end":{"line":256,"column":49}},"128":{"start":{"line":258,"column":0},"end":{"line":258,"column":62}},"129":{"start":{"line":260,"column":0},"end":{"line":260,"column":40}},"130":{"start":{"line":262,"column":0},"end":{"line":262,"column":53}},"131":{"start":{"line":264,"column":0},"end":{"line":264,"column":38}},"132":{"start":{"line":266,"column":0},"end":{"line":266,"column":51}},"133":{"start":{"line":268,"column":0},"end":{"line":268,"column":36}},"134":{"start":{"line":270,"column":0},"end":{"line":270,"column":49}},"135":{"start":{"line":272,"column":0},"end":{"line":272,"column":37}},"136":{"start":{"line":274,"column":0},"end":{"line":274,"column":50}},"137":{"start":{"line":276,"column":0},"end":{"line":276,"column":35}},"138":{"start":{"line":278,"column":0},"end":{"line":278,"column":48}},"139":{"start":{"line":280,"column":0},"end":{"line":280,"column":31}},"140":{"start":{"line":282,"column":0},"end":{"line":282,"column":44}},"141":{"start":{"line":284,"column":0},"end":{"line":284,"column":95}},"142":{"start":{"line":284,"column":39},"end":{"line":284,"column":93}},"143":{"start":{"line":286,"column":0},"end":{"line":286,"column":32}},"144":{"start":{"line":287,"column":0},"end":{"line":287,"column":42}},"145":{"start":{"line":288,"column":0},"end":{"line":288,"column":36}},"146":{"start":{"line":289,"column":0},"end":{"line":289,"column":36}},"147":{"start":{"line":290,"column":0},"end":{"line":290,"column":38}},"148":{"start":{"line":291,"column":0},"end":{"line":291,"column":38}},"149":{"start":{"line":292,"column":0},"end":{"line":292,"column":38}},"150":{"start":{"line":293,"column":0},"end":{"line":293,"column":58}},"151":{"start":{"line":294,"column":0},"end":{"line":294,"column":44}},"152":{"start":{"line":295,"column":0},"end":{"line":295,"column":34}},"153":{"start":{"line":296,"column":0},"end":{"line":296,"column":46}},"154":{"start":{"line":297,"column":0},"end":{"line":297,"column":40}},"155":{"start":{"line":298,"column":0},"end":{"line":298,"column":44}},"156":{"start":{"line":299,"column":0},"end":{"line":299,"column":40}},"157":{"start":{"line":300,"column":0},"end":{"line":300,"column":34}},"158":{"start":{"line":301,"column":0},"end":{"line":301,"column":36}},"159":{"start":{"line":302,"column":0},"end":{"line":302,"column":32}},"160":{"start":{"line":303,"column":0},"end":{"line":303,"column":44}},"161":{"start":{"line":304,"column":0},"end":{"line":304,"column":58}},"162":{"start":{"line":305,"column":0},"end":{"line":305,"column":46}},"163":{"start":{"line":306,"column":0},"end":{"line":306,"column":46}},"164":{"start":{"line":307,"column":0},"end":{"line":307,"column":40}},"165":{"start":{"line":308,"column":0},"end":{"line":308,"column":44}},"166":{"start":{"line":309,"column":0},"end":{"line":309,"column":38}},"167":{"start":{"line":310,"column":0},"end":{"line":310,"column":32}},"168":{"start":{"line":311,"column":0},"end":{"line":311,"column":38}},"169":{"start":{"line":312,"column":0},"end":{"line":312,"column":42}},"170":{"start":{"line":313,"column":0},"end":{"line":313,"column":36}},"171":{"start":{"line":314,"column":0},"end":{"line":314,"column":44}},"172":{"start":{"line":315,"column":0},"end":{"line":315,"column":26}},"173":{"start":{"line":316,"column":0},"end":{"line":316,"column":44}},"174":{"start":{"line":317,"column":0},"end":{"line":317,"column":34}},"175":{"start":{"line":318,"column":0},"end":{"line":318,"column":44}},"176":{"start":{"line":319,"column":0},"end":{"line":319,"column":50}},"177":{"start":{"line":320,"column":0},"end":{"line":320,"column":32}},"178":{"start":{"line":321,"column":0},"end":{"line":321,"column":44}},"179":{"start":{"line":322,"column":0},"end":{"line":322,"column":46}},"180":{"start":{"line":323,"column":0},"end":{"line":323,"column":44}},"181":{"start":{"line":324,"column":0},"end":{"line":324,"column":40}},"182":{"start":{"line":325,"column":0},"end":{"line":325,"column":30}},"183":{"start":{"line":326,"column":0},"end":{"line":326,"column":44}},"184":{"start":{"line":327,"column":0},"end":{"line":327,"column":36}},"185":{"start":{"line":328,"column":0},"end":{"line":328,"column":44}},"186":{"start":{"line":329,"column":0},"end":{"line":329,"column":46}},"187":{"start":{"line":330,"column":0},"end":{"line":330,"column":44}},"188":{"start":{"line":331,"column":0},"end":{"line":331,"column":40}},"189":{"start":{"line":332,"column":0},"end":{"line":332,"column":44}},"190":{"start":{"line":333,"column":0},"end":{"line":333,"column":46}},"191":{"start":{"line":334,"column":0},"end":{"line":334,"column":32}},"192":{"start":{"line":335,"column":0},"end":{"line":335,"column":46}},"193":{"start":{"line":336,"column":0},"end":{"line":336,"column":36}},"194":{"start":{"line":337,"column":0},"end":{"line":337,"column":40}},"195":{"start":{"line":338,"column":0},"end":{"line":338,"column":42}},"196":{"start":{"line":339,"column":0},"end":{"line":339,"column":36}},"197":{"start":{"line":340,"column":0},"end":{"line":340,"column":34}},"198":{"start":{"line":341,"column":0},"end":{"line":341,"column":42}},"199":{"start":{"line":342,"column":0},"end":{"line":342,"column":44}},"200":{"start":{"line":343,"column":0},"end":{"line":343,"column":40}},"201":{"start":{"line":344,"column":0},"end":{"line":344,"column":40}},"202":{"start":{"line":345,"column":0},"end":{"line":345,"column":42}},"203":{"start":{"line":346,"column":0},"end":{"line":346,"column":38}},"204":{"start":{"line":347,"column":0},"end":{"line":347,"column":36}},"205":{"start":{"line":348,"column":0},"end":{"line":348,"column":48}},"206":{"start":{"line":349,"column":0},"end":{"line":349,"column":40}},"207":{"start":{"line":350,"column":0},"end":{"line":350,"column":38}},"208":{"start":{"line":351,"column":0},"end":{"line":351,"column":36}},"209":{"start":{"line":352,"column":0},"end":{"line":352,"column":36}},"210":{"start":{"line":353,"column":0},"end":{"line":353,"column":34}},"211":{"start":{"line":354,"column":0},"end":{"line":354,"column":30}},"212":{"start":{"line":355,"column":0},"end":{"line":355,"column":26}}},"branchMap":{"1":{"line":284,"type":"cond-expr","locations":[{"start":{"line":284,"column":70},"end":{"line":284,"column":73}},{"start":{"line":284,"column":76},"end":{"line":284,"column":92}}]},"2":{"line":284,"type":"binary-expr","locations":[{"start":{"line":284,"column":46},"end":{"line":284,"column":49}},{"start":{"line":284,"column":53},"end":{"line":284,"column":67}}]}},"code":["'use strict';","","Object.defineProperty(exports, \"__esModule\", {","  value: true","});","exports.trim = exports.substr = exports.reverse = exports.indexOf = exports.endsWith = exports.binEncode = exports.transliterate = exports.replace = exports.leftTrim = exports.htmlEncode = exports.decEncode = exports.binDecode = exports.toUpperCase = exports.startsWith = exports.repeat = exports.leftPad = exports.htmlDecode = exports.decDecode = exports.between = exports.toStudlyCaps = exports.split = exports.removeSpaces = exports.lastIndexOf = exports.hexEncode = exports.countSubstr = exports.base64encode = exports.toSnakeCase = exports.slugify = exports.removeRight = exports.last = exports.hexDecode = exports.containsAny = exports.base64decode = exports.toLowerCase = exports.slice = exports.removeNonWords = exports.isUpperCase = exports.format = exports.containsAll = exports.at = exports.toKebabCase = exports.shuffle = exports.removeLeft = exports.isString = exports.first = exports.contains = exports.appendArray = exports.urlEncode = exports.toDecamelize = exports.safeTruncate = exports.removeEmptyStrings = exports.isLowerCase = exports.equal = exports.compare = exports.append = exports.urlDecode = exports.toCamelCase = exports.rightTrim = exports.prependArray = exports.insert = exports.ensureRight = exports.collapseWhitespace = exports.truncate = exports.surround = exports.rightPad = exports.prepend = exports.inequal = exports.ensureLeft = exports.chars = undefined;","","var _chars2 = require('./chars');","","var _chars3 = _interopRequireDefault(_chars2);","","var _ensureleft = require('./ensureleft');","","var _ensureleft2 = _interopRequireDefault(_ensureleft);","","var _inequal2 = require('./inequal');","","var _inequal3 = _interopRequireDefault(_inequal2);","","var _prepend2 = require('./prepend');","","var _prepend3 = _interopRequireDefault(_prepend2);","","var _rightpad = require('./rightpad');","","var _rightpad2 = _interopRequireDefault(_rightpad);","","var _surround2 = require('./surround');","","var _surround3 = _interopRequireDefault(_surround2);","","var _truncate2 = require('./truncate');","","var _truncate3 = _interopRequireDefault(_truncate2);","","var _collapsewhitespace = require('./collapsewhitespace');","","var _collapsewhitespace2 = _interopRequireDefault(_collapsewhitespace);","","var _ensureright = require('./ensureright');","","var _ensureright2 = _interopRequireDefault(_ensureright);","","var _insert2 = require('./insert');","","var _insert3 = _interopRequireDefault(_insert2);","","var _prependarray = require('./prependarray');","","var _prependarray2 = _interopRequireDefault(_prependarray);","","var _righttrim = require('./righttrim');","","var _righttrim2 = _interopRequireDefault(_righttrim);","","var _tocamelcase = require('./tocamelcase');","","var _tocamelcase2 = _interopRequireDefault(_tocamelcase);","","var _urlDecode2 = require('./urlDecode');","","var _urlDecode3 = _interopRequireDefault(_urlDecode2);","","var _append2 = require('./append');","","var _append3 = _interopRequireDefault(_append2);","","var _compare2 = require('./compare');","","var _compare3 = _interopRequireDefault(_compare2);","","var _equal2 = require('./equal');","","var _equal3 = _interopRequireDefault(_equal2);","","var _islowercase = require('./islowercase');","","var _islowercase2 = _interopRequireDefault(_islowercase);","","var _removeemptystrings = require('./removeemptystrings');","","var _removeemptystrings2 = _interopRequireDefault(_removeemptystrings);","","var _safetruncate = require('./safetruncate');","","var _safetruncate2 = _interopRequireDefault(_safetruncate);","","var _todecamelize = require('./todecamelize');","","var _todecamelize2 = _interopRequireDefault(_todecamelize);","","var _urlencode = require('./urlencode');","","var _urlencode2 = _interopRequireDefault(_urlencode);","","var _appendarray = require('./appendarray');","","var _appendarray2 = _interopRequireDefault(_appendarray);","","var _contains2 = require('./contains');","","var _contains3 = _interopRequireDefault(_contains2);","","var _first2 = require('./first');","","var _first3 = _interopRequireDefault(_first2);","","var _isstring = require('./isstring');","","var _isstring2 = _interopRequireDefault(_isstring);","","var _removeleft = require('./removeleft');","","var _removeleft2 = _interopRequireDefault(_removeleft);","","var _shuffle2 = require('./shuffle');","","var _shuffle3 = _interopRequireDefault(_shuffle2);","","var _tokebabcase = require('./tokebabcase');","","var _tokebabcase2 = _interopRequireDefault(_tokebabcase);","","var _at2 = require('./at');","","var _at3 = _interopRequireDefault(_at2);","","var _containsall = require('./containsall');","","var _containsall2 = _interopRequireDefault(_containsall);","","var _format2 = require('./format');","","var _format3 = _interopRequireDefault(_format2);","","var _isuppercase = require('./isuppercase');","","var _isuppercase2 = _interopRequireDefault(_isuppercase);","","var _removenonwords = require('./removenonwords');","","var _removenonwords2 = _interopRequireDefault(_removenonwords);","","var _slice2 = require('./slice');","","var _slice3 = _interopRequireDefault(_slice2);","","var _tolowercase = require('./tolowercase');","","var _tolowercase2 = _interopRequireDefault(_tolowercase);","","var _base64decode2 = require('./base64decode');","","var _base64decode3 = _interopRequireDefault(_base64decode2);","","var _containsany = require('./containsany');","","var _containsany2 = _interopRequireDefault(_containsany);","","var _hexdecode = require('./hexdecode');","","var _hexdecode2 = _interopRequireDefault(_hexdecode);","","var _last2 = require('./last');","","var _last3 = _interopRequireDefault(_last2);","","var _removeright = require('./removeright');","","var _removeright2 = _interopRequireDefault(_removeright);","","var _slugify2 = require('./slugify');","","var _slugify3 = _interopRequireDefault(_slugify2);","","var _tosnakecase = require('./tosnakecase');","","var _tosnakecase2 = _interopRequireDefault(_tosnakecase);","","var _base64encode2 = require('./base64encode');","","var _base64encode3 = _interopRequireDefault(_base64encode2);","","var _countsubstr = require('./countsubstr');","","var _countsubstr2 = _interopRequireDefault(_countsubstr);","","var _hexencode = require('./hexencode');","","var _hexencode2 = _interopRequireDefault(_hexencode);","","var _lastindexof = require('./lastindexof');","","var _lastindexof2 = _interopRequireDefault(_lastindexof);","","var _removespaces = require('./removespaces');","","var _removespaces2 = _interopRequireDefault(_removespaces);","","var _split2 = require('./split');","","var _split3 = _interopRequireDefault(_split2);","","var _tostudlycaps = require('./tostudlycaps');","","var _tostudlycaps2 = _interopRequireDefault(_tostudlycaps);","","var _between2 = require('./between');","","var _between3 = _interopRequireDefault(_between2);","","var _decdecode = require('./decdecode');","","var _decdecode2 = _interopRequireDefault(_decdecode);","","var _htmldecode = require('./htmldecode');","","var _htmldecode2 = _interopRequireDefault(_htmldecode);","","var _leftpad = require('./leftpad');","","var _leftpad2 = _interopRequireDefault(_leftpad);","","var _repeat2 = require('./repeat');","","var _repeat3 = _interopRequireDefault(_repeat2);","","var _startswith = require('./startswith');","","var _startswith2 = _interopRequireDefault(_startswith);","","var _touppercase = require('./touppercase');","","var _touppercase2 = _interopRequireDefault(_touppercase);","","var _bindecode = require('./bindecode');","","var _bindecode2 = _interopRequireDefault(_bindecode);","","var _decencode = require('./decencode');","","var _decencode2 = _interopRequireDefault(_decencode);","","var _htmlencode = require('./htmlencode');","","var _htmlencode2 = _interopRequireDefault(_htmlencode);","","var _lefttrim = require('./lefttrim');","","var _lefttrim2 = _interopRequireDefault(_lefttrim);","","var _replace2 = require('./replace');","","var _replace3 = _interopRequireDefault(_replace2);","","var _transliterate2 = require('./transliterate');","","var _transliterate3 = _interopRequireDefault(_transliterate2);","","var _binencode = require('./binencode');","","var _binencode2 = _interopRequireDefault(_binencode);","","var _endswith = require('./endswith');","","var _endswith2 = _interopRequireDefault(_endswith);","","var _indexof = require('./indexof');","","var _indexof2 = _interopRequireDefault(_indexof);","","var _reverse2 = require('./reverse');","","var _reverse3 = _interopRequireDefault(_reverse2);","","var _substr2 = require('./substr');","","var _substr3 = _interopRequireDefault(_substr2);","","var _trim2 = require('./trim');","","var _trim3 = _interopRequireDefault(_trim2);","","function _interopRequireDefault(obj) { return obj && obj.__esModule ? obj : { default: obj }; }","","exports.chars = _chars3.default;","exports.ensureLeft = _ensureleft2.default;","exports.inequal = _inequal3.default;","exports.prepend = _prepend3.default;","exports.rightPad = _rightpad2.default;","exports.surround = _surround3.default;","exports.truncate = _truncate3.default;","exports.collapseWhitespace = _collapsewhitespace2.default;","exports.ensureRight = _ensureright2.default;","exports.insert = _insert3.default;","exports.prependArray = _prependarray2.default;","exports.rightTrim = _righttrim2.default;","exports.toCamelCase = _tocamelcase2.default;","exports.urlDecode = _urlDecode3.default;","exports.append = _append3.default;","exports.compare = _compare3.default;","exports.equal = _equal3.default;","exports.isLowerCase = _islowercase2.default;","exports.removeEmptyStrings = _removeemptystrings2.default;","exports.safeTruncate = _safetruncate2.default;","exports.toDecamelize = _todecamelize2.default;","exports.urlEncode = _urlencode2.default;","exports.appendArray = _appendarray2.default;","exports.contains = _contains3.default;","exports.first = _first3.default;","exports.isString = _isstring2.default;","exports.removeLeft = _removeleft2.default;","exports.shuffle = _shuffle3.default;","exports.toKebabCase = _tokebabcase2.default;","exports.at = _at3.default;","exports.containsAll = _containsall2.default;","exports.format = _format3.default;","exports.isUpperCase = _isuppercase2.default;","exports.removeNonWords = _removenonwords2.default;","exports.slice = _slice3.default;","exports.toLowerCase = _tolowercase2.default;","exports.base64decode = _base64decode3.default;","exports.containsAny = _containsany2.default;","exports.hexDecode = _hexdecode2.default;","exports.last = _last3.default;","exports.removeRight = _removeright2.default;","exports.slugify = _slugify3.default;","exports.toSnakeCase = _tosnakecase2.default;","exports.base64encode = _base64encode3.default;","exports.countSubstr = _countsubstr2.default;","exports.hexEncode = _hexencode2.default;","exports.lastIndexOf = _lastindexof2.default;","exports.removeSpaces = _removespaces2.default;","exports.split = _split3.default;","exports.toStudlyCaps = _tostudlycaps2.default;","exports.between = _between3.default;","exports.decDecode = _decdecode2.default;","exports.htmlDecode = _htmldecode2.default;","exports.leftPad = _leftpad2.default;","exports.repeat = _repeat3.default;","exports.startsWith = _startswith2.default;","exports.toUpperCase = _touppercase2.default;","exports.binDecode = _bindecode2.default;","exports.decEncode = _decencode2.default;","exports.htmlEncode = _htmlencode2.default;","exports.leftTrim = _lefttrim2.default;","exports.replace = _replace3.default;","exports.transliterate = _transliterate3.default;","exports.binEncode = _binencode2.default;","exports.endsWith = _endswith2.default;","exports.indexOf = _indexof2.default;","exports.reverse = _reverse3.default;","exports.substr = _substr3.default;","exports.trim = _trim3.default;","exports.default = exports;"],"l":{"3":1,"6":1,"8":1,"10":1,"12":1,"14":1,"16":1,"18":1,"20":1,"22":1,"24":1,"26":1,"28":1,"30":1,"32":1,"34":1,"36":1,"38":1,"40":1,"42":1,"44":1,"46":1,"48":1,"50":1,"52":1,"54":1,"56":1,"58":1,"60":1,"62":1,"64":1,"66":1,"68":1,"70":1,"72":1,"74":1,"76":1,"78":1,"80":1,"82":1,"84":1,"86":1,"88":1,"90":1,"92":1,"94":1,"96":1,"98":1,"100":1,"102":1,"104":1,"106":1,"108":1,"110":1,"112":1,"114":1,"116":1,"118":1,"120":1,"122":1,"124":1,"126":1,"128":1,"130":1,"132":1,"134":1,"136":1,"138":1,"140":1,"142":1,"144":1,"146":1,"148":1,"150":1,"152":1,"154":1,"156":1,"158":1,"160":1,"162":1,"164":1,"166":1,"168":1,"170":1,"172":1,"174":1,"176":1,"178":1,"180":1,"182":1,"184":1,"186":1,"188":1,"190":1,"192":1,"194":1,"196":1,"198":1,"200":1,"202":1,"204":1,"206":1,"208":1,"210":1,"212":1,"214":1,"216":1,"218":1,"220":1,"222":1,"224":1,"226":1,"228":1,"230":1,"232":1,"234":1,"236":1,"238":1,"240":1,"242":1,"244":
[...]
"  '\\u223B': '&homtht;',","  '\\u21A9': '&hookleftarrow;',","  '\\u21AA': '&hookrightarrow;',","  '\\uD835\\uDD59': '&hopf;',","  '\\u2015': '&horbar;',","  '\\uD835\\uDCBD': '&hscr;',","  ħ: '&hstrok;',","  '\\u2043': '&hybull;',","  í: '&iacute;',","  î: '&icirc;',","  и: '&icy;',","  е: '&iecy;',","  '\\xA1': '&iexcl;',","  '\\uD835\\uDD26': '&ifr;',","  ì: '&igrave;',","  '\\u2A0C': '&iiiint;',","  '\\u222D': '&iiint;',","  '\\u29DC': '&iinfin;',","  '\\u2129': '&iiota;',","  ĳ: '&ijlig;',","  ī: '&imacr;',","  ı: '&imath;',","  '\\u22B7': '&imof;',","  Ƶ: '&imped;',","  '\\u2105': '&incare;',","  '\\u221E': '&infin;',","  '\\u29DD': '&infintie;',","  '\\u22BA': '&intcal;',","  '\\u2A17': '&intlarhk;',","  '\\u2A3C': '&intprod;',","  ё: '&iocy;',","  į: '&iogon;',","  '\\uD835\\uDD5A': '&iopf;',","  ι: '&iota;',","  '\\xBF': '&iquest;',","  '\\uD835\\uDCBE': '&iscr;',","  '\\u22F9': '&isinE;',","  '\\u22F5': '&isindot;',","  '\\u22F4': '&isins;',","  '\\u22F3': '&isinsv;',","  ĩ: '&itilde;',","  і: '&iukcy;',","  ï: '&iuml;',","  ĵ: '&jcirc;',","  й: '&jcy;',","  '\\uD835\\uDD27': '&jfr;',","  ȷ: '&jmath;',","  '\\uD835\\uDD5B': '&jopf;',","  '\\uD835\\uDCBF': '&jscr;',","  ј: '&jsercy;',","  є: '&jukcy;',","  κ: '&kappa;',","  ϰ: '&kappav;',","  ķ: '&kcedil;',","  к: '&kcy;',","  '\\uD835\\uDD28': '&kfr;',","  ĸ: '&kgreen;',","  х: '&khcy;',","  ќ: '&kjcy;',","  '\\uD835\\uDD5C': '&kopf;',","  '\\uD835\\uDCC0': '&kscr;',","  '\\u291B': '&lAtail;',","  '\\u290E': '&lBarr;',","  '\\u2A8B': '&lEg;',","  '\\u2962': '&lHar;',","  ĺ: '&lacute;',","  '\\u29B4': '&laemptyv;',","  λ: '&lambda;',","  '\\u2991': '&langd;',","  '\\u2A85': '&lap;',","  '\\xAB': '&laquo;',","  '\\u291F': '&larrbfs;',","  '\\u291D': '&larrfs;',","  '\\u21AB': '&larrlp;',","  '\\u2939': '&larrpl;',","  '\\u2973': '&larrsim;',","  '\\u21A2': '&larrtl;',","  '\\u2AAB': '&lat;',","  '\\u2919': '&latail;',","  '\\u2AAD': '&late;',","  '\\u2AAD\\uFE00': '&lates;',","  '\\u290C': '&lbarr;',","  '\\u2772': '&lbbrk;',","  '{': '&lbrace;',","  '[': '&lbrack;',","  '\\u298B': '&lbrke;',","  '\\u298F': '&lbrksld;',","  '\\u298D': '&lbrkslu;',","  ľ: '&lcaron;',","  ļ: '&lcedil;',","  л: '&lcy;',","  '\\u2936': '&ldca;',","  '\\u2967': '&ldrdhar;',","  '\\u294B': '&ldrushar;',","  '\\u21B2': '&ldsh;',","  '\\u2264': '&le;',","  '\\u21C7': '&leftleftarrows;',","  '\\u22CB': '&leftthreetimes;',","  '\\u2AA8': '&lescc;',","  '\\u2A7F': '&lesdot;',","  '\\u2A81': '&lesdoto;',","  '\\u2A83': '&lesdotor;',","  '\\u22DA\\uFE00': '&lesg;',","  '\\u2A93': '&lesges;',","  '\\u22D6': '&lessdot;',","  '\\u297C': '&lfisht;',","  '\\uD835\\uDD29': '&lfr;',","  '\\u2A91': '&lgE;',","  '\\u296A': '&lharul;',","  '\\u2584': '&lhblk;',","  љ: '&ljcy;',","  '\\u296B': '&llhard;',","  '\\u25FA': '&lltri;',","  ŀ: '&lmidot;',","  '\\u23B0': '&lmoust;',","  '\\u2268': '&lnE;',","  '\\u2A89': '&lnap;',","  '\\u2A87': '&lne;',","  '\\u22E6': '&lnsim;',","  '\\u27EC': '&loang;',","  '\\u21FD': '&loarr;',","  '\\u21AC': '&looparrowright;',","  '\\u2985': '&lopar;',","  '\\uD835\\uDD5D': '&lopf;',","  '\\u2A2D': '&loplus;',","  '\\u2A34': '&lotimes;',","  '\\u2217': '&lowast;',","  '\\u25CA': '&loz;',","  '(': '&lpar;',","  '\\u2993': '&lparlt;',","  '\\u296D': '&lrhard;',","  '\\u200E': '&lrm;',","  '\\u22BF': '&lrtri;',","  '\\u2039': '&lsaquo;',","  '\\uD835\\uDCC1': '&lscr;',","  '\\u2A8D': '&lsime;',","  '\\u2A8F': '&lsimg;',","  '\\u201A': '&lsquor;',","  ł: '&lstrok;',","  '\\u2AA6': '&ltcc;',","  '\\u2A79': '&ltcir;',","  '\\u22C9': '&ltimes;',","  '\\u2976': '&ltlarr;',","  '\\u2A7B': '&ltquest;',","  '\\u2996': '&ltrPar;',","  '\\u25C3': '&ltri;',","  '\\u294A': '&lurdshar;',","  '\\u2966': '&luruhar;',","  '\\u2268\\uFE00': '&lvertneqq;',","  '\\u223A': '&mDDot;',","  '\\xAF': '&macr;',","  '\\u2642': '&male;',","  '\\u2720': '&malt;',","  '\\u25AE': '&marker;',","  '\\u2A29': '&mcomma;',","  м: '&mcy;',","  '\\u2014': '&mdash;',","  '\\uD835\\uDD2A': '&mfr;',","  '\\u2127': '&mho;',","  µ: '&micro;',","  '\\u2AF0': '&midcir;',","  '\\u2212': '&minus;',","  '\\u2A2A': '&minusdu;',","  '\\u2ADB': '&mlcp;',","  '\\u22A7': '&models;',","  '\\uD835\\uDD5E': '&mopf;',","  '\\uD835\\uDCC2': '&mscr;',","  μ: '&mu;',","  '\\u22B8': '&multimap;',","  '\\u22D9\\u0338': '&nGg;',","  '\\u226B\\u20D2': '&nGt;',","  '\\u21CD': '&nLeftarrow;',","  '\\u21CE': '&nLeftrightarrow;',","  '\\u22D8\\u0338': '&nLl;',","  '\\u226A\\u20D2': '&nLt;',","  '\\u21CF': '&nRightarrow;',","  '\\u22AF': '&nVDash;',","  '\\u22AE': '&nVdash;',","  ń: '&nacute;',","  '\\u2220\\u20D2': '&nang;',","  '\\u2A70\\u0338': '&napE;',","  '\\u224B\\u0338': '&napid;',","  ŉ: '&napos;',","  '\\u266E': '&natur;',","  '\\u2A43': '&ncap;',","  ň: '&ncaron;',","  ņ: '&ncedil;',","  '\\u2A6D\\u0338': '&ncongdot;',","  '\\u2A42': '&ncup;',","  н: '&ncy;',","  '\\u2013': '&ndash;',","  '\\u21D7': '&neArr;',","  '\\u2924': '&nearhk;',","  '\\u2250\\u0338': '&nedot;',","  '\\u2928': '&nesear;',","  '\\uD835\\uDD2B': '&nfr;',","  '\\u21AE': '&nharr;',","  '\\u2AF2': '&nhpar;',","  '\\u22FC': '&nis;',","  '\\u22FA': '&nisd;',","  њ: '&njcy;',","  '\\u2266\\u0338': '&nlE;',","  '\\u219A': '&nlarr;',","  '\\u2025': '&nldr;',","  '\\uD835\\uDD5F': '&nopf;',","  '\\xAC': '&not;',","  '\\u22F9\\u0338': '&notinE;',","  '\\u22F5\\u0338': '&notindot;',","  '\\u22F7': '&notinvb;',","  '\\u22F6': '&notinvc;',","  '\\u22FE': '&notnivb;',","  '\\u22FD': '&notnivc;',","  '\\u2AFD\\u20E5': '&nparsl;',","  '\\u2202\\u0338': '&npart;',","  '\\u2A14': '&npolint;',","  '\\u219B': '&nrarr;',","  '\\u2933\\u0338': '&nrarrc;',","  '\\u219D\\u0338': '&nrarrw;',","  '\\uD835\\uDCC3': '&nscr;',","  '\\u2284': '&nsub;',","  '\\u2AC5\\u0338': '&nsubE;',","  '\\u2285': '&nsup;',","  '\\u2AC6\\u0338': '&nsupE;',","  ν: '&nu;',","  '#': '&num;',","  '\\u2116': '&numero;',","  '\\u2007': '&numsp;',","  '\\u22AD': '&nvDash;',","  '\\u2904': '&nvHarr;',","  '\\u224D\\u20D2': '&nvap;',","  '\\u22AC': '&nvdash;',","  '\\u2265\\u20D2': '&nvge;',","  '>\\u20D2': '&nvgt;',","  '\\u29DE': '&nvinfin;',","  '\\u2902': '&nvlArr;',","  '\\u2264\\u20D2': '&nvle;',","  '<\\u20D2': '&nvlt;',","  '\\u22B4\\u20D2': '&nvltrie;',","  '\\u2903': '&nvrArr;',","  '\\u22B5\\u20D2': '&nvrtrie;',","  '\\u223C\\u20D2': '&nvsim;',","  '\\u21D6': '&nwArr;',","  '\\u2923': '&nwarhk;',","  '\\u2927': '&nwnear;',","  ó: '&oacute;',","  ô: '&ocirc;',","  о: '&ocy;',","  ő: '&odblac;',","  '\\u2A38': '&odiv;',","  '\\u29BC': '&odsold;',","  œ: '&oelig;',","  '\\u29BF': '&ofcir;',","  '\\uD835\\uDD2C': '&ofr;',","  '\\u02DB': '&ogon;',","  ò: '&ograve;',","  '\\u29C1': '&ogt;',","  '\\u29B5': '&ohbar;',","  '\\u29BE': '&olcir;',","  '\\u29BB': '&olcross;',","  '\\u29C0': '&olt;',","  ō: '&omacr;',","  ω: '&omega;',","  ο: '&omicron;',","  '\\u29B6': '&omid;',","  '\\uD835\\uDD60': '&oopf;',","  '\\u29B7': '&opar;',","  '\\u29B9': '&operp;',","  '\\u2228': '&or;',","  '\\u2A5D': '&ord;',","  ℴ: '&order;',","  ª: '&ordf;',","  º: '&ordm;',","  '\\u22B6': '&origof;',","  '\\u2A56': '&oror;',","  '\\u2A57': '&orslope;',","  '\\u2298': '&osol;',","  '\\u2A36': '&otimesas;',","  '\\u2AF3': '&parsim;',","  п: '&pcy;',","  '%': '&percnt;',","  '.': '&period;',","  '\\u2031': '&pertenk;',","  '\\uD835\\uDD2D': '&pfr;',","  φ: '&phi;',","  '\\u260E': '&phone;',","  '+': '&plus;',","  '\\u2A25': '&plusdu;',","  '\\u2A72': '&pluse;',","  '\\u2A26': '&plussim;',","  '\\u2A27': '&plustwo;',","  '\\u2A15': '&pointint;',","  '\\uD835\\uDD61': '&popf;',","  '\\xA3': '&pound;',","  '\\u2AB3': '&prE;',","  '\\u2AB7': '&prap;',","  '\\u2AB9': '&precnapprox;',","  '\\u2AB5': '&precneqq;',","  '\\u22E8': '&precnsim;',","  '\\u2032': '&prime;',","  '\\u232E': '&profalar;',","  '\\u2312': '&profline;',","  '\\u2313': '&profsurf;',","  '\\u22B0': '&prurel;',","  '\\uD835\\uDCC5': '&pscr;',","  ψ: '&psi;',","  '\\u2008': '&puncsp;',","  '\\uD835\\uDD2E': '&qfr;',","  '\\uD835\\uDD62': '&qopf;',","  '\\u2057': '&qprime;',","  '\\uD835\\uDCC6': '&qscr;',","  '\\u2A16': '&quatint;',","  '?': '&quest;',","  '\\u291C': '&rAtail;',","  '\\u2964': '&rHar;',","  '\\u223D\\u0331': '&race;',","  ŕ: '&racute;',","  '\\u29B3': '&raemptyv;',","  '\\u2992': '&rangd;',","  '\\u29A5': '&range;',","  '\\xBB': '&raquo;',","  '\\u2975': '&rarrap;',","  '\\u2920': '&rarrbfs;',","  '\\u2933': '&rarrc;',","  '\\u291E': '&rarrfs;',","  '\\u2945': '&rarrpl;',","  '\\u2974': '&rarrsim;',","  '\\u21A3': '&rarrtl;',","  '\\u219D': '&rarrw;',","  '\\u291A': '&ratail;',","  '\\u2236': '&ratio;',","  '\\u2773': '&rbbrk;',","  '}': '&rbrace;',","  ']': '&rbrack;',","  '\\u298C': '&rbrke;',","  '\\u298E': '&rbrksld;',","  '\\u2990': '&rbrkslu;',","  ř: '&rcaron;',","  ŗ: '&rcedil;',","  р: '&rcy;',","  '\\u2937': '&rdca;',","  '\\u2969': '&rdldhar;',","  '\\u21B3': '&rdsh;',","  '\\u25AD': '&rect;',","  '\\u297D': '&rfisht;',","  '\\uD835\\uDD2F': '&rfr;',","  '\\u296C': '&rharul;',","  ρ: '&rho;',","  ϱ: '&rhov;',","  '\\u21C9': '&rightrightarrows;',","  '\\u22CC': '&rightthreetimes;',","  '\\u02DA': '&ring;',","  '\\u200F': '&rlm;',","  '\\u23B1': '&rmoust;',","  '\\u2AEE': '&rnmid;',","  '\\u27ED': '&roang;',","  '\\u21FE': '&roarr;',","  '\\u2986': '&ropar;',","  '\\uD835\\uDD63': '&ropf;',","  '\\u2A2E': '&roplus;',","  '\\u27FC': '&longmapsto;',","  '\\u2A35': '&rotimes;',","  ')': '&rpar;',","  '\\u2994': '&rpargt;',","  '\\u2A12': '&rppolint;',","  '\\u203A': '&rsaquo;',","  '\\uD835\\uDCC7': '&rscr;',","  '\\u22CA': '&rtimes;',","  '\\u25B9': '&rtri;',","  '\\u29CE': '&rtriltri;',","  '\\u2968': '&ruluhar;',","  '\\u211E': '&rx;',","  ś: '&sacute;',","  '\\u2AB4': '&scE;',","  '\\u2AB8': '&scap;',","  š: '&scaron;',","  ş: '&scedil;',","  ŝ: '&scirc;',","  '\\u2AB6': '&scnE;',","  '\\u2ABA': '&scnap;',","  '\\u22E9': '&scnsim;',","  '\\u2A13': '&scpolint;',","  с: '&scy;',","  '\\u22C5': '&sdot;',","  '\\u2A66': '&sdote;',","  '\\u21D8': '&seArr;',","  '\\xA7': '&sect;',","  ';': '&semi;',","  '\\u2929': '&seswar;',","  '\\u2736': '&sext;',","  '\\uD835\\uDD30': '&sfr;',","  '\\u266F': '&sharp;',","  щ: '&shchcy;',","  ш: '&shcy;',","  '\\xAD': '&shy;',","  σ: '&sigma;',","  ς: '&sigmaf;',","  '\\u2A6A': '&simdot;',","  '\\u2A9E': '&simg;',","  '\\u2AA0': '&simgE;',","  '\\u2A9D': '&siml;',","  '\\u2A9F': '&simlE;',","  '\\u2246': '&simne;',","  '\\u2A24': '&simplus;',","  '\\u2972': '&simrarr;',","  '\\u2A33': '&smashp;',","  '\\u29E4': '&smeparsl;',","  '\\u2323': '&smile;',","  '\\u2AAA': '&smt;',","  '\\u2AAC': '&smte;',","  '\\u2AAC\\uFE00': '&smtes;',","  ь: '&softcy;',","  '/': '&sol;',","  '\\u29C4': '&solb;',","  '\\u233F': '&solbar;',","  '\\uD835\\uDD64': '&sopf;',","  '\\u2660': '&spades;',","  '\\u2293\\uFE00': '&sqcaps;',","  '\\u2294\\uFE00': '&sqcups;',","  '\\uD835\\uDCC8': '&sscr;',","  '\\u2606': '&star;',","  ϕ: '&straightphi;',","  '\\u2282': '&sub;',","  '\\u2AC5': '&subE;',","  '\\u2ABD': '&subdot;',","  '\\u2AC3': '&subedot;',","  '\\u2AC1': '&submult;',","  '\\u2ACB': '&subnE;',","  '\\u228A': '&subne;',","  '\\u2ABF': '&subplus;',","  '\\u2979': '&subrarr;',","  '\\u2AC7': '&subsim;',","  '\\u2AD5': '&subsub;',","  '\\u2AD3': '&subsup;',","  '\\u266A': '&sung;',","  '\\xB9': '&sup1;',","  '\\xB2': '&sup2;',","  '\\xB3': '&sup3;',","  '\\u2AC6': '&supE;',","  '\\u2ABE': '&supdot;',","  '\\u2AD8': '&supdsub;',","  '\\u2AC4': '&supedot;',","  '\\u27C9': '&suphsol;',","  '\\u2AD7': '&suphsub;',","  '\\u297B': '&suplarr;',","  '\\u2AC2': '&supmult;',","  '\\u2ACC': '&supnE;',","  '\\u228B': '&supne;',","  '\\u2AC0': '&supplus;',","  '\\u2AC8': '&supsim;',","  '\\u2AD4': '&supsub;',","  '\\u2AD6': '&supsup;',","  '\\u21D9': '&swArr;',","  '\\u292A': '&swnwar;',","  ß: '&szlig;',","  '\\u2316': '&target;',","  τ: '&tau;',","  ť: '&tcaron;',","  ţ: '&tcedil;',","  т: '&tcy;',","  '\\u2315': '&telrec;',","  '\\uD835\\uDD31': '&tfr;',","  θ: '&theta;',","  ϑ: '&thetasym;',","  þ: '&thorn;',","  '\\xD7': '&times;',","  '\\u2A31': '&timesbar;',","  '\\u2A30': '&timesd;',","  '\\u2336': '&topbot;',","  '\\u2AF1': '&topcir;',","  '\\uD835\\uDD65': '&topf;',","  '\\u2ADA': '&topfork;',","  '\\u2034': '&tprime;',","  '\\u25B5': '&triangle;',","  '\\u25BF': '&triangledown;',","  '\\u225C': '&triangleq;',","  '\\u25EC': '&tridot;',","  '\\u2A3A': '&triminus;',","  '\\u2A39': '&triplus;',","  '\\u29CD': '&trisb;',","  '\\u2A3B': '&tritime;',","  '\\u23E2': '&trpezium;',","  '\\uD835\\uDCC9': '&tscr;',","  ц: '&tscy;',","  ћ: '&tshcy;',","  ŧ: '&tstrok;',","  '\\u2963': '&uHar;',","  ú: '&uacute;',","  ў: '&ubrcy;',","  ŭ: '&ubreve;',","  û: '&ucirc;',","  у: '&ucy;',","  ű: '&udblac;',","  '\\u297E': '&ufisht;',","  '\\uD835\\uDD32': '&ufr;',","  ù: '&ugrave;',","  '\\u2580': '&uhblk;',","  '\\u231C': '&ulcorn;',","  '\\u230F': '&ulcrop;',","  '\\u25F8': '&ultri;',","  ū: '&umacr;',","  ų: '&uogon;',","  '\\uD835\\uDD66': '&uopf;',","  υ: '&upsi;',","  '\\u21C8': '&upuparrows;',","  '\\u231D': '&urcorn;',","  '\\u230E': '&urcrop;',","  ů: '&uring;',","  '\\u25F9': '&urtri;',","  '\\uD835\\uDCCA': '&uscr;',","  '\\u22F0': '&utdot;',","  ũ: '&utilde;',","  ü: '&uuml;',","  '\\u29A7': '&uwangle;',","  '\\u2AE8': '&vBar;',","  '\\u2AE9': '&vBarv;',","  '\\u299C': '&vangrt;',","  '\\u2205': '&varnothing;',","  '\\u228A\\uFE00': '&varsubsetneq;',","  '\\u2ACB\\uFE00': '&varsubsetneqq;',","  '\\u228B\\uFE00': '&varsupsetneq;',","  '\\u2ACC\\uFE00': '&varsupsetneqq;',","  в: '&vcy;',","  '\\u22BB': '&veebar;',","  '\\u225A': '&veeeq;',","  '\\u22EE': '&vellip;',","  '\\uD835\\uDD33': '&vfr;',","  '\\uD835\\uDD67': '&vopf;',","  '\\uD835\\uDCCB': '&vscr;',","  '\\u299A': '&vzigzag;',","  ŵ: '&wcirc;',","  '\\u2A5F': '&wedbar;',","  '\\u2259': '&wedgeq;',","  ℘: '&weierp;',","  '\\uD835\\uDD34': '&wfr;',","  '\\uD835\\uDD68': '&wopf;',","  '\\uD835\\uDCCC': '&wscr;',","  '\\uD835\\uDD35': '&xfr;',","  ξ: '&xi;',","  '\\u22FB': '&xnis;',","  '\\uD835\\uDD69': '&xopf;',","  '\\uD835\\uDCCD': '&xscr;',","  ý: '&yacute;',","  я: '&yacy;',","  ŷ: '&ycirc;',","  ы: '&ycy;',","  '\\xA5': '&yen;',","  '\\uD835\\uDD36': '&yfr;',","  ї: '&yicy;',","  '\\uD835\\uDD6A': '&yopf;',","  '\\uD835\\uDCCE': '&yscr;',","  ю: '&yucy;',","  ÿ: '&yuml;',","  ź: '&zacute;',","  ž: '&zcaron;',","  з: '&zcy;',","  ż: '&zdot;',","  ζ: '&zeta;',","  '\\uD835\\uDD37': '&zfr;',","  ж: '&zhcy;',","  '\\u21DD': '&zigrarr;',","  '\\uD835\\uDD6B': '&zopf;',","  '\\uD835\\uDCCF': '&zscr;',","  '\\u200D': '&zwj;',","  '\\u200C': '&zwnj;'","};"],"l":{"3":1,"6":1}},"/home/travis/build/npmtest/node-npmtest-strman/node_modules/strman/lib/binencode.js":{"path":"/home/travis/build/npmtest/node-npmtest-strman/node_modules/strman/lib/binencode.js","s":{"1":1,"2":1,"3":1,"4":1,"5":1,"6":1,"7":1,"8":0},"b":{"1":[1,0],"2":[1,1]},"f":{"1":1,"2":0},"fnMap":{"1":{"name":"_interopRequireDefault","line":13,"loc":{"start":{"line":13,"column":0},"end":{"line":13,"column":37}}},"2":{"name":"(anonymous_2)","line":40,"loc":{"start":{"line":40,"column":18},"end":{"line":40,"column":35}}}},"statementMap":{"1":{"start":{"line":3,"column":0},"end":{"line":5,"column":3}},"2":{"start":{"line":7,"column":0},"end":{"line":7,"column":52}},"3":{"start":{"line":9,"column":0},"end":{"line":9,"column":38}},"4":{"start":{"line":11,"column":0},"end":{"line":11,"column":47}},"5":{"start":{"line":13,"column":0},"end":{"line":13,"column":95}},"6":{"start":{"line":13,"column":39},"end":{"line":13,"column":93}},"7":{"start":{"line":40,"column":0},"end":{"line":42,"column":2}},"8":{"start":{"line":41,"column":2},"end":{"line":41,"column":96}}},"branchMap":{"1":{"line":13,"type":"cond-expr","locations":[{"start":{"line":13,"column":70},"end":{"line":13,"column":73}},{"start":{"line":13,"column":76},"end":{"line":13,"column":92}}]},"2":{"line":13,"type":"binary-expr","locations":[{"start":{"line":13,"column":46},"end":{"line":13,"column":49}},{"start":{"line":13,"column":53},"end":{"line":13,"column":67}}]}},"code":["'use strict';","","Object.defineProperty(exports, \"__esModule\", {","  value: true","});","","var _numericalbase = require('./lib/numericalbase');","","var _encode = require('./lib/encode');","","var _encode2 = _interopRequireDefault(_encode);","","function _interopRequireDefault(obj) { return obj && obj.__esModule ? obj : { default: obj }; }","","/**"," * @module binEncode"," * @description"," * Convert string chars to binary unicode (16 digits)"," * ## Install"," * Install all functions of strman"," * ```sh"," * yarn add strman"," * ```"," * or just the binEncode function"," * ```sh"," * yarn add strman.binencode"," * ```"," * ## Usage"," * ```javascript"," * import { binEncode } from 'strman'"," * // OR"," * import binEncode from 'strman.binencode'"," * ```"," * @param {String} value - Value to encode"," * @example"," * binEncode('strman')"," * // => '00000000011100110000000001110100000000000111001000000000011011010000000001100001'"," * @returns {String} String in binary format."," */","exports.default = function (value) {","  return (0, _encode2.default)(value, _numericalbase.LENGTH_BINARY, _numericalbase.BASE_BINARY);","};"],"l":{"3":1,"7":1,"9":1,"11":1,"13":1,"40":1,"41":0}},"/home/travis/build/npmtest/node-npmtest-strman/node_modules/strman/lib/reverse.js":{"path":"/home/travis/build/npmtest/node-npmtest-strman/node_modules/strman/lib/reverse.js","s":{"1":1,"2":1,"3":1,"4":1,"5":1,"6":1,"7":2,"8":1,"9":0,"10":0},"b":{"1":[2,0],"2":[2,2]},"f":{"1":2,"2":0,"3":0},"fnMap":{"1":{"name":"_interopRequireDefault","line":15,"loc":{"start":{"line":15,"column":0},"end":{"line":15,"column":37}}},"2":{"name":"(anonymous_2)","line":42,"loc":{"start":{"line":42,"column":18},"end":{"line":42,"column":35}}},"3":{"name":"(anonymous_3)","line":43,"loc":{"start":{"line":43,"column":53},"end":{"line":43,"column":82}}}},"statementMap":{"1":{"start":{"line":3,"column":0},"end":{"line":5,"column":3}},"2":{"start":{"line":7,"column":0},"end":{"line":7,"column":32}},"3":{"start":{"line":9,"column":0},"end":{"line":9,"column":45}},"4":{"start":{"line":11,"column":0},"end":{"line":11,"column":34}},"5":{"start":{"line":13,"column":0},"end":{"line":13,"column":47}},"6":{"start":{"line":15,"column":0},"end":{"line":15,"column":95}},"7":{"start":{"line":15,"column":39},"end":{"line":15,"column":93}},"8":{"start":{"line":42,"column":0},"end":{"line":46,"column":2}},"9":{"start":{"line":43,"column":2},"end":{"line":45,"column":9}},"10":{"start":{"line":44,"column":4},"end":{"line":44,"column":52}}},"branchMap":{"1":{"line":15,"type":"cond-expr","locations":[{"start":{"line":15,"column":70},"end":{"line":15,"column":73}},{"start":{"line":15,"column":76},"end":{"line":15,"column":92}}]},"2":{"line":15,"type":"binary-expr","locations":[{"start":{"line":15,"column":46},"end":{"line":15,"column":49}},{"start":{"line":15,"column":53},"end":{"line":15,"column":67}}]}},"code":["'use strict';","","Object.defineProperty(exports, \"__esModule\", {","  value: true","});","","var _split = require('./split');","","var _split2 = _interopRequireDefault(_split);","","var _append = require('./append');","","var _append2 = _interopRequireDefault(_append);","","function _interopRequireDefault(obj) { return obj && obj.__esModule ? obj : { default: obj }; }","","/**"," * @module reverse"," * @description"," * Returns a reversed string."," * ## Install"," * Install all functions of strman"," * ```sh"," * yarn add strman"," * ```"," * or just the reverse function"," * ```sh"," * yarn add strman.reverse"," * ```"," * ## Usage"," * ```javascript"," * import { reverse } from 'strman'"," * // OR"," * import reverse from 'strman.reverse'"," * ```"," * @param {String} value - The String!"," * @example"," * reverse('strman')"," * // => 'namrts'"," * @returns {String}  The String reversed!"," */","exports.default = function (value) {","  return (0, _split2.default)(value, '').reduceRight(function (previous, current) {","    return (0, _append2.default)(previous, current);","  }, '');","};"],"l":{"3":1,"7":1,"9":1,"11":1,"13":1,"15":2,"42":1,"43":0,"44":0}}}